[INFO] 23:45:27:964 GAMECARD_DBG/(12574:12574): (Verificando Configuración File System Tall_Grass...)

[INFO] 23:45:27:964 GAMECARD_DBG/(12574:12574): (Creating Mount Point Directory (TALL_GRASS/)	-Success)
[INFO] 23:45:27:964 GAMECARD_DBG/(12574:12574): (Creating Directory (TALL_GRASS/metadata))
[INFO] 23:45:27:965 GAMECARD_DBG/(12574:12574): (Creating File: TALL_GRASS/metadata/Metadata.bin	-Success)
[INFO] 23:45:27:965 GAMECARD_DBG/(12574:12574): (Creating Directory (TALL_GRASS/Files))
[INFO] 23:45:27:965 GAMECARD_DBG/(12574:12574): (Creating File: TALL_GRASS/Files/Metadata.bin	-Success)
[INFO] 23:45:27:965 GAMECARD_DBG/(12574:12574): (Creating Directory (TALL_GRASS/Blocks))
[INFO] 23:45:27:965 GAMECARD_DBG/(12574:12574): (Creating File: TALL_GRASS/Blocks/Metadata.bin	-Success)
[INFO] 23:45:27:966 GAMECARD_DBG/(12574:12574): (Creating Directory (TALL_GRASS/Config_tg))
[INFO] 23:45:27:966 GAMECARD_DBG/(12574:12574): (Creating File: TALL_GRASS/Config_tg/Metadata.bin	-Success)
[INFO] 23:45:27:968 GAMECARD_DBG/(12574:12574): (Configuración File System Tall_Grass Consistente OK)

[DEBUG] 23:45:27:968 GAMECARD_DBG/(12574:12574): (FileSystem TallGrass| Tam.Bloque:64 Bytes| Cant.Bloques:4096| Tamaño FS:256 Kbytes| Magic_Number:TALL_GRASS)

[WARNING] 23:45:27:968 GAMECARD_DBG/(12574:12574): (No such file or directory -->>TALL_GRASS/metadata/bitmap.bin<<-- Creando Archivo Bitmap)
[DEBUG] 23:45:27:971 GAMECARD_DBG/(12574:12574): (TallGrass Iniciado  | Bloques Libres:4095| Espacio Disponible:255 Kb.)

[DEBUG] 23:45:28:973 GAMECARD_DBG/(12574:12581): (Intervalo para reconexión con Broker: 30 segundos)

[INFO] 23:49:53:241 GAMECARD_DBG/(12574:12802): SAVE BLOCK | FILE 1.bin
[INFO] 23:49:53:245 GAMECARD_DBG/(12574:12806): SAVE BLOCK | FILE 2.bin
[INFO] 23:49:53:270 GAMECARD_DBG/(12574:12809): SAVE BLOCK | FILE 4.bin
[INFO] 23:50:57:581 GAMECARD_DBG/(12574:12998): SAVE BLOCK | FILE 1.bin
[INFO] 23:50:57:597 GAMECARD_DBG/(12574:13002): SAVE BLOCK | FILE 2.bin
[INFO] 23:50:57:614 GAMECARD_DBG/(12574:13005): SAVE BLOCK | FILE 4.bin
[INFO] 23:52:58:362 GAMECARD_DBG/(13013:13013): (Verificando Configuración File System Tall_Grass...)

[INFO] 23:52:58:362 GAMECARD_DBG/(13013:13013): (Mount Point Directory (TALL_GRASS/)	-File exists)
[INFO] 23:52:58:362 GAMECARD_DBG/(13013:13013): (Directory (TALL_GRASS/metadata)	-File exists)
[INFO] 23:52:58:362 GAMECARD_DBG/(13013:13013): (File: TALL_GRASS/metadata/Metadata.bin	-File Exists)
[INFO] 23:52:58:363 GAMECARD_DBG/(13013:13013): (Directory (TALL_GRASS/Files)	-File exists)
[INFO] 23:52:58:363 GAMECARD_DBG/(13013:13013): (File: TALL_GRASS/Files/Metadata.bin	-File Exists)
[INFO] 23:52:58:363 GAMECARD_DBG/(13013:13013): (Directory (TALL_GRASS/Blocks)	-File exists)
[INFO] 23:52:58:364 GAMECARD_DBG/(13013:13013): (File: TALL_GRASS/Blocks/Metadata.bin	-File Exists)
[INFO] 23:52:58:364 GAMECARD_DBG/(13013:13013): (Directory (TALL_GRASS/Config_tg)	-File exists)
[INFO] 23:52:58:364 GAMECARD_DBG/(13013:13013): (File: TALL_GRASS/Config_tg/Metadata.bin	-File Exists)
[INFO] 23:52:58:365 GAMECARD_DBG/(13013:13013): (Configuración File System Tall_Grass Consistente OK)

[DEBUG] 23:52:58:365 GAMECARD_DBG/(13013:13013): (FileSystem TallGrass| Tam.Bloque:64 Bytes| Cant.Bloques:4096| Tamaño FS:256 Kbytes| Magic_Number:TALL_GRASS)

[DEBUG] 23:52:58:367 GAMECARD_DBG/(13013:13013): (TallGrass Iniciado  | Bloques Libres:4086| Espacio Disponible:255 Kb.)

[DEBUG] 23:52:59:369 GAMECARD_DBG/(13013:13020): (Intervalo para reconexión con Broker: 30 segundos)

[INFO] 23:53:33:488 GAMECARD_DBG/(13013:13171): SAVE BLOCK | FILE 1.bin
[INFO] 23:53:33:503 GAMECARD_DBG/(13013:13175): SAVE BLOCK | FILE 2.bin
[INFO] 23:53:33:522 GAMECARD_DBG/(13013:13178): SAVE BLOCK | FILE 4.bin
[INFO] 23:53:36:506 GAMECARD_DBG/(13013:13181): SAVE BLOCK | FILE 1.bin
[INFO] 23:53:39:511 GAMECARD_DBG/(13013:13184): SAVE BLOCK | FILE 2.bin
[INFO] 23:53:47:520 GAMECARD_DBG/(13013:13187): SAVE BLOCK | FILE 4.bin
[INFO] 23:54:45:595 GAMECARD_DBG/(13194:13194): (Verificando Configuración File System Tall_Grass...)

[INFO] 23:54:45:595 GAMECARD_DBG/(13194:13194): (Mount Point Directory (TALL_GRASS/)	-File exists)
[INFO] 23:54:45:595 GAMECARD_DBG/(13194:13194): (Directory (TALL_GRASS/metadata)	-File exists)
[INFO] 23:54:45:596 GAMECARD_DBG/(13194:13194): (File: TALL_GRASS/metadata/Metadata.bin	-File Exists)
[INFO] 23:54:45:596 GAMECARD_DBG/(13194:13194): (Directory (TALL_GRASS/Files)	-File exists)
[INFO] 23:54:45:596 GAMECARD_DBG/(13194:13194): (File: TALL_GRASS/Files/Metadata.bin	-File Exists)
[INFO] 23:54:45:596 GAMECARD_DBG/(13194:13194): (Directory (TALL_GRASS/Blocks)	-File exists)
[INFO] 23:54:45:596 GAMECARD_DBG/(13194:13194): (File: TALL_GRASS/Blocks/Metadata.bin	-File Exists)
[INFO] 23:54:45:596 GAMECARD_DBG/(13194:13194): (Directory (TALL_GRASS/Config_tg)	-File exists)
[INFO] 23:54:45:596 GAMECARD_DBG/(13194:13194): (File: TALL_GRASS/Config_tg/Metadata.bin	-File Exists)
[INFO] 23:54:45:597 GAMECARD_DBG/(13194:13194): (Configuración File System Tall_Grass Consistente OK)

[DEBUG] 23:54:45:597 GAMECARD_DBG/(13194:13194): (FileSystem TallGrass| Tam.Bloque:64 Bytes| Cant.Bloques:4096| Tamaño FS:256 Kbytes| Magic_Number:TALL_GRASS)

[DEBUG] 23:54:45:598 GAMECARD_DBG/(13194:13194): (TallGrass Iniciado  | Bloques Libres:4080| Espacio Disponible:255 Kb.)

[DEBUG] 23:54:46:600 GAMECARD_DBG/(13194:13201): (Intervalo para reconexión con Broker: 30 segundos)

[INFO] 00:01:17:661 GAMECARD_DBG/(13194:13510): SAVE BLOCK | FILE 1.bin
[INFO] 00:01:17:675 GAMECARD_DBG/(13194:13514): SAVE BLOCK | FILE 2.bin
[INFO] 00:01:17:692 GAMECARD_DBG/(13194:13517): SAVE BLOCK | FILE 4.bin
[INFO] 00:01:20:676 GAMECARD_DBG/(13194:13520): SAVE BLOCK | FILE 1.bin
[INFO] 00:01:23:680 GAMECARD_DBG/(13194:13525): SAVE BLOCK | FILE 2.bin
[INFO] 00:01:31:693 GAMECARD_DBG/(13194:13528): SAVE BLOCK | FILE 4.bin
[INFO] 01:37:45:712 GAMECARD_DBG/(16566:16566): (Verificando Configuración File System Tall_Grass...)

[INFO] 01:37:45:713 GAMECARD_DBG/(16566:16566): (Mount Point Directory (TALL_GRASS/)	-File exists)
[INFO] 01:37:45:713 GAMECARD_DBG/(16566:16566): (Directory (TALL_GRASS/metadata)	-File exists)
[INFO] 01:37:45:713 GAMECARD_DBG/(16566:16566): (File: TALL_GRASS/metadata/Metadata.bin	-File Exists)
[INFO] 01:37:45:714 GAMECARD_DBG/(16566:16566): (Directory (TALL_GRASS/Files)	-File exists)
[INFO] 01:37:45:714 GAMECARD_DBG/(16566:16566): (File: TALL_GRASS/Files/Metadata.bin	-File Exists)
[INFO] 01:37:45:714 GAMECARD_DBG/(16566:16566): (Directory (TALL_GRASS/Blocks)	-File exists)
[INFO] 01:37:45:714 GAMECARD_DBG/(16566:16566): (File: TALL_GRASS/Blocks/Metadata.bin	-File Exists)
[INFO] 01:37:45:714 GAMECARD_DBG/(16566:16566): (Directory (TALL_GRASS/Config_tg)	-File exists)
[INFO] 01:37:45:714 GAMECARD_DBG/(16566:16566): (File: TALL_GRASS/Config_tg/Metadata.bin	-File Exists)
[INFO] 01:37:45:715 GAMECARD_DBG/(16566:16566): (Configuración File System Tall_Grass Consistente OK)

[DEBUG] 01:37:45:715 GAMECARD_DBG/(16566:16566): (FileSystem TallGrass| Tam.Bloque:64 Bytes| Cant.Bloques:4096| Tamaño FS:256 Kbytes| Magic_Number:TALL_GRASS)

[DEBUG] 01:37:45:718 GAMECARD_DBG/(16566:16566): (TallGrass Iniciado  | Bloques Libres:4074| Espacio Disponible:254 Kb.)

[DEBUG] 01:37:46:719 GAMECARD_DBG/(16566:16573): (Intervalo para reconexión con Broker: 30 segundos)

[INFO] 01:49:06:17 GAMECARD_DBG/(16882:16882): (Verificando Configuración File System Tall_Grass...)

[INFO] 01:49:06:17 GAMECARD_DBG/(16882:16882): (Mount Point Directory (TALL_GRASS/)	-File exists)
[INFO] 01:49:06:17 GAMECARD_DBG/(16882:16882): (Directory (TALL_GRASS/metadata)	-File exists)
[INFO] 01:49:06:17 GAMECARD_DBG/(16882:16882): (File: TALL_GRASS/metadata/Metadata.bin	-File Exists)
[INFO] 01:49:06:17 GAMECARD_DBG/(16882:16882): (Directory (TALL_GRASS/Files)	-File exists)
[INFO] 01:49:06:17 GAMECARD_DBG/(16882:16882): (File: TALL_GRASS/Files/Metadata.bin	-File Exists)
[INFO] 01:49:06:18 GAMECARD_DBG/(16882:16882): (Directory (TALL_GRASS/Blocks)	-File exists)
[INFO] 01:49:06:18 GAMECARD_DBG/(16882:16882): (File: TALL_GRASS/Blocks/Metadata.bin	-File Exists)
[INFO] 01:49:06:19 GAMECARD_DBG/(16882:16882): (Directory (TALL_GRASS/Config_tg)	-File exists)
[INFO] 01:49:06:19 GAMECARD_DBG/(16882:16882): (File: TALL_GRASS/Config_tg/Metadata.bin	-File Exists)
[INFO] 01:49:06:20 GAMECARD_DBG/(16882:16882): (Configuración File System Tall_Grass Consistente OK)

[DEBUG] 01:49:06:20 GAMECARD_DBG/(16882:16882): (FileSystem TallGrass| Tam.Bloque:64 Bytes| Cant.Bloques:4096| Tamaño FS:256 Kbytes| Magic_Number:TALL_GRASS)

[DEBUG] 01:49:06:21 GAMECARD_DBG/(16882:16882): (TallGrass Iniciado  | Bloques Libres:4074| Espacio Disponible:254 Kb.)

[DEBUG] 01:49:07:24 GAMECARD_DBG/(16882:16889): (Intervalo para reconexión con Broker: 30 segundos)

[INFO] 02:30:53:666 GAMECARD_DBG/(18396:18396): (Verificando Configuración File System Tall_Grass...)

[INFO] 02:30:53:666 GAMECARD_DBG/(18396:18396): (Mount Point Directory (TALL_GRASS/)	-File exists)
[INFO] 02:30:53:666 GAMECARD_DBG/(18396:18396): (Directory (TALL_GRASS/metadata)	-File exists)
[INFO] 02:30:53:666 GAMECARD_DBG/(18396:18396): (File: TALL_GRASS/metadata/Metadata.bin	-File Exists)
[INFO] 02:30:53:667 GAMECARD_DBG/(18396:18396): (Directory (TALL_GRASS/Files)	-File exists)
[INFO] 02:30:53:667 GAMECARD_DBG/(18396:18396): (File: TALL_GRASS/Files/Metadata.bin	-File Exists)
[INFO] 02:30:53:668 GAMECARD_DBG/(18396:18396): (Directory (TALL_GRASS/Blocks)	-File exists)
[INFO] 02:30:53:669 GAMECARD_DBG/(18396:18396): (File: TALL_GRASS/Blocks/Metadata.bin	-File Exists)
[INFO] 02:30:53:669 GAMECARD_DBG/(18396:18396): (Directory (TALL_GRASS/Config_tg)	-File exists)
[INFO] 02:30:53:670 GAMECARD_DBG/(18396:18396): (File: TALL_GRASS/Config_tg/Metadata.bin	-File Exists)
[INFO] 02:30:53:671 GAMECARD_DBG/(18396:18396): (Configuración File System Tall_Grass Consistente OK)

[DEBUG] 02:30:53:671 GAMECARD_DBG/(18396:18396): (FileSystem TallGrass| Tam.Bloque:64 Bytes| Cant.Bloques:4096| Tamaño FS:256 Kbytes| Magic_Number:TALL_GRASS)

[DEBUG] 02:30:53:676 GAMECARD_DBG/(18396:18396): (TallGrass Iniciado  | Bloques Libres:4074| Espacio Disponible:254 Kb.)

[DEBUG] 02:30:54:679 GAMECARD_DBG/(18396:18403): (Intervalo para reconexión con Broker: 30 segundos)

[INFO] 02:58:44:548 GAMECARD_DBG/(3353:3353): (Verificando Configuración File System Tall_Grass...)

[INFO] 02:58:44:548 GAMECARD_DBG/(3353:3353): (Mount Point Directory (TALL_GRASS/)	-File exists)
[INFO] 02:58:44:549 GAMECARD_DBG/(3353:3353): (Directory (TALL_GRASS/metadata)	-File exists)
[INFO] 02:58:44:549 GAMECARD_DBG/(3353:3353): (File: TALL_GRASS/metadata/Metadata.bin	-File Exists)
[INFO] 02:58:44:549 GAMECARD_DBG/(3353:3353): (Directory (TALL_GRASS/Files)	-File exists)
[INFO] 02:58:44:549 GAMECARD_DBG/(3353:3353): (File: TALL_GRASS/Files/Metadata.bin	-File Exists)
[INFO] 02:58:44:549 GAMECARD_DBG/(3353:3353): (Directory (TALL_GRASS/Blocks)	-File exists)
[INFO] 02:58:44:550 GAMECARD_DBG/(3353:3353): (File: TALL_GRASS/Blocks/Metadata.bin	-File Exists)
[INFO] 02:58:44:550 GAMECARD_DBG/(3353:3353): (Directory (TALL_GRASS/Config_tg)	-File exists)
[INFO] 02:58:44:550 GAMECARD_DBG/(3353:3353): (File: TALL_GRASS/Config_tg/Metadata.bin	-File Exists)
[INFO] 02:58:44:550 GAMECARD_DBG/(3353:3353): (Configuración File System Tall_Grass Consistente OK)

[DEBUG] 02:58:44:551 GAMECARD_DBG/(3353:3353): (FileSystem TallGrass| Tam.Bloque:64 Bytes| Cant.Bloques:4096| Tamaño FS:256 Kbytes| Magic_Number:TALL_GRASS)

[DEBUG] 02:58:44:553 GAMECARD_DBG/(3353:3353): (TallGrass Iniciado  | Bloques Libres:4074| Espacio Disponible:254 Kb.)

[DEBUG] 02:58:45:557 GAMECARD_DBG/(3353:3360): (Intervalo para reconexión con Broker: 30 segundos)

[INFO] 03:00:41:477 GAMECARD_DBG/(3353:3974): SAVE BLOCK | FILE 1.bin
[INFO] 03:00:41:487 GAMECARD_DBG/(3353:3978): SAVE BLOCK | FILE 2.bin
[INFO] 03:00:41:512 GAMECARD_DBG/(3353:3981): SAVE BLOCK | FILE 4.bin
[INFO] 03:00:44:484 GAMECARD_DBG/(3353:3985): SAVE BLOCK | FILE 1.bin
[INFO] 03:13:24:299 GAMECARD_DBG/(4867:4867): (Verificando Configuración File System Tall_Grass...)

[INFO] 03:13:24:299 GAMECARD_DBG/(4867:4867): (Mount Point Directory (TALL_GRASS/)	-File exists)
[INFO] 03:13:24:299 GAMECARD_DBG/(4867:4867): (Directory (TALL_GRASS/metadata)	-File exists)
[INFO] 03:13:24:299 GAMECARD_DBG/(4867:4867): (File: TALL_GRASS/metadata/Metadata.bin	-File Exists)
[INFO] 03:13:24:300 GAMECARD_DBG/(4867:4867): (Directory (TALL_GRASS/Files)	-File exists)
[INFO] 03:13:24:300 GAMECARD_DBG/(4867:4867): (File: TALL_GRASS/Files/Metadata.bin	-File Exists)
[INFO] 03:13:24:301 GAMECARD_DBG/(4867:4867): (Directory (TALL_GRASS/Blocks)	-File exists)
[INFO] 03:13:24:301 GAMECARD_DBG/(4867:4867): (File: TALL_GRASS/Blocks/Metadata.bin	-File Exists)
[INFO] 03:13:24:301 GAMECARD_DBG/(4867:4867): (Directory (TALL_GRASS/Config_tg)	-File exists)
[INFO] 03:13:24:302 GAMECARD_DBG/(4867:4867): (File: TALL_GRASS/Config_tg/Metadata.bin	-File Exists)
[INFO] 03:13:24:302 GAMECARD_DBG/(4867:4867): (Configuración File System Tall_Grass Consistente OK)

[DEBUG] 03:13:24:303 GAMECARD_DBG/(4867:4867): (FileSystem TallGrass| Tam.Bloque:64 Bytes| Cant.Bloques:4096| Tamaño FS:256 Kbytes| Magic_Number:TALL_GRASS)

[DEBUG] 03:13:24:303 GAMECARD_DBG/(4867:4867): (TallGrass Iniciado  | Bloques Libres:4070| Espacio Disponible:254 Kb.)

[TRACE] 03:13:24:312 GAMECARD_DBG/(4867:4873): (Mensaje APPEARED_POKEMON con ID_Correlativo 26 pendiente de envío|Archivo Pokemon Pikachu Abierto)
[INFO] 03:13:24:312 GAMECARD_DBG/(4867:4876): SAVE BLOCK | FILE 1.bin
[INFO] 03:13:24:313 GAMECARD_DBG/(4867:4878): SAVE BLOCK | FILE 4.bin
[INFO] 03:13:24:316 GAMECARD_DBG/(4867:4875): SAVE BLOCK | FILE 4.bin
[INFO] 03:14:11:586 GAMECARD_DBG/(5022:5022): (Verificando Configuración File System Tall_Grass...)

[INFO] 03:14:11:586 GAMECARD_DBG/(5022:5022): (Mount Point Directory (TALL_GRASS/)	-File exists)
[INFO] 03:14:11:586 GAMECARD_DBG/(5022:5022): (Directory (TALL_GRASS/metadata)	-File exists)
[INFO] 03:14:11:586 GAMECARD_DBG/(5022:5022): (File: TALL_GRASS/metadata/Metadata.bin	-File Exists)
[INFO] 03:14:11:587 GAMECARD_DBG/(5022:5022): (Directory (TALL_GRASS/Files)	-File exists)
[INFO] 03:14:11:587 GAMECARD_DBG/(5022:5022): (File: TALL_GRASS/Files/Metadata.bin	-File Exists)
[INFO] 03:14:11:587 GAMECARD_DBG/(5022:5022): (Directory (TALL_GRASS/Blocks)	-File exists)
[INFO] 03:14:11:587 GAMECARD_DBG/(5022:5022): (File: TALL_GRASS/Blocks/Metadata.bin	-File Exists)
[INFO] 03:14:11:587 GAMECARD_DBG/(5022:5022): (Directory (TALL_GRASS/Config_tg)	-File exists)
[INFO] 03:14:11:587 GAMECARD_DBG/(5022:5022): (File: TALL_GRASS/Config_tg/Metadata.bin	-File Exists)
[INFO] 03:14:11:588 GAMECARD_DBG/(5022:5022): (Configuración File System Tall_Grass Consistente OK)

[DEBUG] 03:14:11:588 GAMECARD_DBG/(5022:5022): (FileSystem TallGrass| Tam.Bloque:64 Bytes| Cant.Bloques:4096| Tamaño FS:256 Kbytes| Magic_Number:TALL_GRASS)

[DEBUG] 03:14:11:591 GAMECARD_DBG/(5022:5022): (TallGrass Iniciado  | Bloques Libres:4067| Espacio Disponible:254 Kb.)

[DEBUG] 03:14:12:593 GAMECARD_DBG/(5022:5029): (Intervalo para reconexión con Broker: 30 segundos)

[INFO] 03:14:38:353 GAMECARD_DBG/(5022:5194): SAVE BLOCK | FILE 1.bin
