[INFO] 13:32:16:15 GAME_CARD/(9139:9139): INICIO_LOG_SUCESS
[TRACE] 13:32:16:23 GAME_CARD/(9139:9139): Para finalizar Suscripción -->> Enviar Señales ''kill SIGUSR1/2 '' al proceso (PID):9139
[INFO] 13:32:16:25 GAME_CARD/(9139:9142): (SUCCESS_CONN - PROCESS: BROKER | SOCKET#: 6| QUEUE: NEW_POKEMON | IP: 127.0.0.1 | PORT: 6009)
[INFO] 13:32:16:26 GAME_CARD/(9139:9142): (SENDING ACK|NEW_POKEMON|ID_MSG:0->CONFIRMED|ID_SUSCRIPTOR:30)
[INFO] 13:32:16:26 GAME_CARD/(9139:9144): (SUCCESS_CONN - PROCESS: BROKER | SOCKET#: 7| QUEUE: GET_POKEMON | IP: 127.0.0.1 | PORT: 6009)
[INFO] 13:32:16:27 GAME_CARD/(9139:9144): (SENDING ACK|GET_POKEMON|ID_MSG:0->CONFIRMED|ID_SUSCRIPTOR:30)
[INFO] 13:32:16:27 GAME_CARD/(9139:9146): (SUCCESS_CONN - PROCESS: BROKER | SOCKET#: 8| QUEUE: CATCH_POKEMON | IP: 127.0.0.1 | PORT: 6009)
[INFO] 13:32:16:27 GAME_CARD/(9139:9146): (SENDING ACK|CATCH_POKEMON|ID_MSG:0->CONFIRMED|ID_SUSCRIPTOR:30)
[INFO] 13:32:16:28 GAME_CARD/(9139:9144): (RECEIVING: FROM GET_POKEMON | ID_MSG:1 | Pikachu -- SIZE = 24 Bytes)
[INFO] 13:32:16:28 GAME_CARD/(9139:9144): (SENDING ACK|GET_POKEMON|ID_MSG:1->CONFIRMED|ID_SUSCRIPTOR:30)
[INFO] 13:32:16:28 GAME_CARD/(9139:9144): (RECEIVING: FROM GET_POKEMON | ID_MSG:2 | Pikachu -- SIZE = 24 Bytes)
[INFO] 13:32:16:28 GAME_CARD/(9139:9144): (SENDING ACK|GET_POKEMON|ID_MSG:2->CONFIRMED|ID_SUSCRIPTOR:30)
[INFO] 13:32:16:28 GAME_CARD/(9139:9144): (RECEIVING: FROM GET_POKEMON | ID_MSG:3 | Squirtle -- SIZE = 25 Bytes)
[INFO] 13:32:16:29 GAME_CARD/(9139:9144): (SENDING ACK|GET_POKEMON|ID_MSG:3->CONFIRMED|ID_SUSCRIPTOR:30)
[INFO] 13:32:16:29 GAME_CARD/(9139:9144): (RECEIVING: FROM GET_POKEMON | ID_MSG:4 | Squirtle -- SIZE = 25 Bytes)
[INFO] 13:32:16:29 GAME_CARD/(9139:9144): (SENDING ACK|GET_POKEMON|ID_MSG:4->CONFIRMED|ID_SUSCRIPTOR:30)
[INFO] 13:32:16:29 GAME_CARD/(9139:9144): (RECEIVING: FROM GET_POKEMON | ID_MSG:5 | Gengar -- SIZE = 23 Bytes)
[INFO] 13:32:16:29 GAME_CARD/(9139:9144): (SENDING ACK|GET_POKEMON|ID_MSG:5->CONFIRMED|ID_SUSCRIPTOR:30)
[INFO] 13:32:16:29 GAME_CARD/(9139:9144): (RECEIVING: FROM GET_POKEMON | ID_MSG:6 | Onix -- SIZE = 21 Bytes)
[INFO] 13:32:16:30 GAME_CARD/(9139:9144): (SENDING ACK|GET_POKEMON|ID_MSG:6->CONFIRMED|ID_SUSCRIPTOR:30)
[WARNING] 13:32:16:30 GAME_CARD/(9139:9152): (-->> El archivo Pokemon Gengar no existe en el File System <<--)
[WARNING] 13:32:16:30 GAME_CARD/(9139:9153): (-->> El archivo Pokemon Onix no existe en el File System <<--)
[WARNING] 13:32:16:30 GAME_CARD/(9139:9151): (-->> El archivo Pokemon Squirtle no existe en el File System <<--)
[WARNING] 13:32:16:30 GAME_CARD/(9139:9150): (-->> El archivo Pokemon Squirtle no existe en el File System <<--)
[WARNING] 13:32:16:30 GAME_CARD/(9139:9149): (-->> El archivo Pokemon Pikachu no existe en el File System <<--)
[INFO] 13:32:16:31 GAME_CARD/(9139:9146): (RECEIVING: FROM CATCH_POKEMON | ID_MSG:7 | Pikachu | POS_X:9 | POS_Y:9 -- SIZE = 32 Bytes)
[INFO] 13:32:16:31 GAME_CARD/(9139:9146): (SENDING ACK|CATCH_POKEMON|ID_MSG:7->CONFIRMED|ID_SUSCRIPTOR:30)
[INFO] 13:32:16:31 GAME_CARD/(9139:9146): (RECEIVING: FROM CATCH_POKEMON | ID_MSG:8 | Squirtle | POS_X:5 | POS_Y:5 -- SIZE = 33 Bytes)
[INFO] 13:32:16:31 GAME_CARD/(9139:9146): (SENDING ACK|CATCH_POKEMON|ID_MSG:8->CONFIRMED|ID_SUSCRIPTOR:30)
[INFO] 13:32:16:31 GAME_CARD/(9139:9146): (RECEIVING: FROM CATCH_POKEMON | ID_MSG:9 | Onix | POS_X:2 | POS_Y:8 -- SIZE = 29 Bytes)
[INFO] 13:32:16:31 GAME_CARD/(9139:9146): (SENDING ACK|CATCH_POKEMON|ID_MSG:9->CONFIRMED|ID_SUSCRIPTOR:30)
[WARNING] 13:32:16:32 GAME_CARD/(9139:9148): (-->> El archivo Pokemon Pikachu no existe en el File System <<--)
[WARNING] 13:32:16:32 GAME_CARD/(9139:9156): (-->> El archivo Pokemon Onix no existe en el File System <<--)
[WARNING] 13:32:16:32 GAME_CARD/(9139:9155): (-->> El archivo Pokemon Squirtle no existe en el File System <<--)
[WARNING] 13:32:16:32 GAME_CARD/(9139:9154): (-->> El archivo Pokemon Pikachu no existe en el File System <<--)
[DEBUG] 13:32:17:29 GAME_CARD/(9139:9139): Esperando conexiones en Direccion: 127.0.0.1, Puerto: 5001
[WARNING] 13:34:15:597 GAME_CARD/(9139:9139): Señal recibida: SIGUSR2 -->>(kill -12  9139).
[INFO] 13:34:15:597 GAME_CARD/(9139:9186): (SUCCESS_CONN - PROCESS: BROKER | SOCKET#: 10| QUEUE: NEW_POKEMON | IP: 127.0.0.1 | PORT: 6009)
[DEBUG] 13:34:15:597 GAME_CARD/(9139:9186): (REQUIRING END_SUSCRIPTION_TO: NEW_POKEMON|ID_SUSCRIPTOR:30)
[WARNING] 13:34:15:598 GAME_CARD/(9139:9142): (EMPTY_QUEUE--No More Messages...|ID_SUSCRIPTOR: 30 )
[INFO] 13:34:15:598 GAME_CARD/(9139:9142): (SENDING ACK|NEW_POKEMON|ID_MSG:30->CONFIRMED|ID_SUSCRIPTOR:30)
[DEBUG] 13:34:15:598 GAME_CARD/(9139:9142): (GAMECARD END_SUSCRIPTION: |RECVD_MSGs:1|TOTAL_MSGS:0)
[INFO] 13:34:15:598 GAME_CARD/(9139:9186): (RECEIVING: MSG_CONFIRMED)
[INFO] 13:34:15:598 GAME_CARD/(9139:9188): (SUCCESS_CONN - PROCESS: BROKER | SOCKET#: 6| QUEUE: GET_POKEMON | IP: 127.0.0.1 | PORT: 6009)
[DEBUG] 13:34:15:598 GAME_CARD/(9139:9188): (REQUIRING END_SUSCRIPTION_TO: GET_POKEMON|ID_SUSCRIPTOR:30)
[WARNING] 13:34:15:599 GAME_CARD/(9139:9144): (EMPTY_QUEUE--No More Messages...|ID_SUSCRIPTOR: 30 )
[INFO] 13:34:15:599 GAME_CARD/(9139:9144): (SENDING ACK|GET_POKEMON|ID_MSG:30->CONFIRMED|ID_SUSCRIPTOR:30)
[DEBUG] 13:34:15:599 GAME_CARD/(9139:9144): (GAMECARD END_SUSCRIPTION: |RECVD_MSGs:7|TOTAL_MSGS:6)
[INFO] 13:34:15:599 GAME_CARD/(9139:9188): (RECEIVING: MSG_CONFIRMED)
[INFO] 13:34:15:599 GAME_CARD/(9139:9190): (SUCCESS_CONN - PROCESS: BROKER | SOCKET#: 6| QUEUE: CATCH_POKEMON | IP: 127.0.0.1 | PORT: 6009)
[DEBUG] 13:34:15:599 GAME_CARD/(9139:9190): (REQUIRING END_SUSCRIPTION_TO: CATCH_POKEMON|ID_SUSCRIPTOR:30)
[WARNING] 13:34:15:600 GAME_CARD/(9139:9146): (EMPTY_QUEUE--No More Messages...|ID_SUSCRIPTOR: 30 )
[INFO] 13:34:15:600 GAME_CARD/(9139:9146): (SENDING ACK|CATCH_POKEMON|ID_MSG:30->CONFIRMED|ID_SUSCRIPTOR:30)
[DEBUG] 13:34:15:600 GAME_CARD/(9139:9146): (GAMECARD END_SUSCRIPTION: |RECVD_MSGs:4|TOTAL_MSGS:3)
[INFO] 13:34:15:600 GAME_CARD/(9139:9190): (RECEIVING: MSG_CONFIRMED)
[INFO] 13:34:17:29 GAME_CARD/(9139:9192): (SUCCESS_CONN - PROCESS: BROKER | SOCKET#: 6| QUEUE: NEW_POKEMON | IP: 127.0.0.1 | PORT: 6009)
[INFO] 13:34:17:29 GAME_CARD/(9139:9192): (SENDING ACK|NEW_POKEMON|ID_MSG:0->CONFIRMED|ID_SUSCRIPTOR:30)
[INFO] 13:34:17:29 GAME_CARD/(9139:9194): (SUCCESS_CONN - PROCESS: BROKER | SOCKET#: 8| QUEUE: GET_POKEMON | IP: 127.0.0.1 | PORT: 6009)
[INFO] 13:34:17:29 GAME_CARD/(9139:9194): (SENDING ACK|GET_POKEMON|ID_MSG:0->CONFIRMED|ID_SUSCRIPTOR:30)
[INFO] 13:34:17:30 GAME_CARD/(9139:9196): (SUCCESS_CONN - PROCESS: BROKER | SOCKET#: 10| QUEUE: CATCH_POKEMON | IP: 127.0.0.1 | PORT: 6009)
[INFO] 13:34:17:30 GAME_CARD/(9139:9196): (SENDING ACK|CATCH_POKEMON|ID_MSG:0->CONFIRMED|ID_SUSCRIPTOR:30)
[WARNING] 13:34:40:807 GAME_CARD/(9139:9139): Señal recibida: SIGUSR2 -->>(kill -12  9139).
[INFO] 13:34:40:808 GAME_CARD/(9139:9198): (SUCCESS_CONN - PROCESS: BROKER | SOCKET#: 7| QUEUE: NEW_POKEMON | IP: 127.0.0.1 | PORT: 6009)
[DEBUG] 13:34:40:808 GAME_CARD/(9139:9198): (REQUIRING END_SUSCRIPTION_TO: NEW_POKEMON|ID_SUSCRIPTOR:30)
[WARNING] 13:34:40:808 GAME_CARD/(9139:9192): (EMPTY_QUEUE--No More Messages...|ID_SUSCRIPTOR: 30 )
[INFO] 13:34:40:809 GAME_CARD/(9139:9192): (SENDING ACK|NEW_POKEMON|ID_MSG:30->CONFIRMED|ID_SUSCRIPTOR:30)
[DEBUG] 13:34:40:809 GAME_CARD/(9139:9192): (GAMECARD END_SUSCRIPTION: |RECVD_MSGs:1|TOTAL_MSGS:0)
[INFO] 13:34:40:809 GAME_CARD/(9139:9198): (RECEIVING: MSG_CONFIRMED)
[INFO] 13:34:40:809 GAME_CARD/(9139:9200): (SUCCESS_CONN - PROCESS: BROKER | SOCKET#: 6| QUEUE: GET_POKEMON | IP: 127.0.0.1 | PORT: 6009)
[DEBUG] 13:34:40:809 GAME_CARD/(9139:9200): (REQUIRING END_SUSCRIPTION_TO: GET_POKEMON|ID_SUSCRIPTOR:30)
[WARNING] 13:34:40:810 GAME_CARD/(9139:9194): (EMPTY_QUEUE--No More Messages...|ID_SUSCRIPTOR: 30 )
[INFO] 13:34:40:810 GAME_CARD/(9139:9194): (SENDING ACK|GET_POKEMON|ID_MSG:30->CONFIRMED|ID_SUSCRIPTOR:30)
[DEBUG] 13:34:40:810 GAME_CARD/(9139:9194): (GAMECARD END_SUSCRIPTION: |RECVD_MSGs:1|TOTAL_MSGS:6)
[INFO] 13:34:40:810 GAME_CARD/(9139:9200): (RECEIVING: MSG_CONFIRMED)
[INFO] 13:34:40:810 GAME_CARD/(9139:9202): (SUCCESS_CONN - PROCESS: BROKER | SOCKET#: 6| QUEUE: CATCH_POKEMON | IP: 127.0.0.1 | PORT: 6009)
[DEBUG] 13:34:40:811 GAME_CARD/(9139:9202): (REQUIRING END_SUSCRIPTION_TO: CATCH_POKEMON|ID_SUSCRIPTOR:30)
[WARNING] 13:34:40:811 GAME_CARD/(9139:9196): (EMPTY_QUEUE--No More Messages...|ID_SUSCRIPTOR: 30 )
[INFO] 13:34:40:811 GAME_CARD/(9139:9196): (SENDING ACK|CATCH_POKEMON|ID_MSG:30->CONFIRMED|ID_SUSCRIPTOR:30)
[DEBUG] 13:34:40:811 GAME_CARD/(9139:9196): (GAMECARD END_SUSCRIPTION: |RECVD_MSGs:1|TOTAL_MSGS:3)
[INFO] 13:34:40:811 GAME_CARD/(9139:9202): (RECEIVING: MSG_CONFIRMED)
[INFO] 13:34:46:438 GAME_CARD/(9204:9204): INICIO_LOG_SUCESS
[TRACE] 13:34:46:443 GAME_CARD/(9204:9204): Para finalizar Suscripción -->> Enviar Señales ''kill SIGUSR1/2 '' al proceso (PID):9204
[INFO] 13:34:46:444 GAME_CARD/(9204:9205): (SUCCESS_CONN - PROCESS: BROKER | SOCKET#: 6| QUEUE: NEW_POKEMON | IP: 127.0.0.1 | PORT: 6009)
[INFO] 13:34:46:444 GAME_CARD/(9204:9205): (SENDING ACK|NEW_POKEMON|ID_MSG:0->CONFIRMED|ID_SUSCRIPTOR:30)
[INFO] 13:34:46:444 GAME_CARD/(9204:9207): (SUCCESS_CONN - PROCESS: BROKER | SOCKET#: 7| QUEUE: GET_POKEMON | IP: 127.0.0.1 | PORT: 6009)
[INFO] 13:34:46:445 GAME_CARD/(9204:9207): (SENDING ACK|GET_POKEMON|ID_MSG:0->CONFIRMED|ID_SUSCRIPTOR:30)
[INFO] 13:34:46:445 GAME_CARD/(9204:9209): (SUCCESS_CONN - PROCESS: BROKER | SOCKET#: 8| QUEUE: CATCH_POKEMON | IP: 127.0.0.1 | PORT: 6009)
[INFO] 13:34:46:445 GAME_CARD/(9204:9209): (SENDING ACK|CATCH_POKEMON|ID_MSG:0->CONFIRMED|ID_SUSCRIPTOR:30)
[DEBUG] 13:34:47:446 GAME_CARD/(9204:9204): Esperando conexiones en Direccion: 127.0.0.1, Puerto: 5001
[INFO] 13:35:21:590 GAME_CARD/(9204:9205): (RECEIVING: FROM NEW_POKEMON |  ID_MSG:10 | Pikachu | POS_X:9 | POS_Y:9 | QTY:1|SIZE:36 Bytes)
[INFO] 13:35:21:590 GAME_CARD/(9204:9205): (SENDING ACK|NEW_POKEMON|ID_MSG:10->CONFIRMED|ID_SUSCRIPTOR:30)
[INFO] 13:35:21:590 GAME_CARD/(9204:9226): (El archivo Pokemon Pikachu no existe en el File System - Creando Nuevo)
[INFO] 13:35:21:590 GAME_CARD/(9204:9226): CREATE_DIR Pokemon TALL_GRASS/Files/Pikachu
[INFO] 13:35:21:590 GAME_CARD/(9204:9226): SAVE METADATA  TALL_GRASS/Files/Pikachu/Metadata.bin
[INFO] 13:35:21:590 GAME_CARD/(9204:9226): (SUCCESS_CONN - PROCESS: BROKER | SOCKET#: 11| QUEUE: APPEARED_POKEMON | IP: 127.0.0.1 | PORT: 6009)
[INFO] 13:35:21:590 GAME_CARD/(9204:9226): (SENDING: APPEARED_POKEMON|Pikachu|ID_CORRELATIVE:10|Pos_X:9|Pos_Y:9|SIZE:32 Bytes)
[INFO] 13:35:21:592 GAME_CARD/(9204:9226): (RECEIVING: ID_MSG:11)
[INFO] 13:35:21:593 GAME_CARD/(9204:9205): (RECEIVING: FROM NEW_POKEMON |  ID_MSG:12 | Squirtle | POS_X:5 | POS_Y:2 | QTY:1|SIZE:37 Bytes)
[INFO] 13:35:21:593 GAME_CARD/(9204:9205): (SENDING ACK|NEW_POKEMON|ID_MSG:12->CONFIRMED|ID_SUSCRIPTOR:30)
[INFO] 13:35:21:593 GAME_CARD/(9204:9230): (El archivo Pokemon Squirtle no existe en el File System - Creando Nuevo)
[INFO] 13:35:21:594 GAME_CARD/(9204:9230): CREATE_DIR Pokemon TALL_GRASS/Files/Squirtle
[INFO] 13:35:21:594 GAME_CARD/(9204:9230): SAVE METADATA  TALL_GRASS/Files/Squirtle/Metadata.bin
[INFO] 13:35:21:594 GAME_CARD/(9204:9230): (SUCCESS_CONN - PROCESS: BROKER | SOCKET#: 11| QUEUE: APPEARED_POKEMON | IP: 127.0.0.1 | PORT: 6009)
[INFO] 13:35:21:594 GAME_CARD/(9204:9230): (SENDING: APPEARED_POKEMON|Squirtle|ID_CORRELATIVE:12|Pos_X:5|Pos_Y:2|SIZE:33 Bytes)
[INFO] 13:35:21:596 GAME_CARD/(9204:9230): (RECEIVING: ID_MSG:13)
[INFO] 13:35:21:598 GAME_CARD/(9204:9205): (RECEIVING: FROM NEW_POKEMON |  ID_MSG:14 | Jolteon | POS_X:2 | POS_Y:2 | QTY:1|SIZE:36 Bytes)
[INFO] 13:35:21:598 GAME_CARD/(9204:9205): (SENDING ACK|NEW_POKEMON|ID_MSG:14->CONFIRMED|ID_SUSCRIPTOR:30)
[INFO] 13:35:21:599 GAME_CARD/(9204:9234): (El archivo Pokemon Jolteon no existe en el File System - Creando Nuevo)
[INFO] 13:35:21:599 GAME_CARD/(9204:9234): CREATE_DIR Pokemon TALL_GRASS/Files/Jolteon
[INFO] 13:35:21:599 GAME_CARD/(9204:9234): SAVE METADATA  TALL_GRASS/Files/Jolteon/Metadata.bin
[INFO] 13:35:21:599 GAME_CARD/(9204:9234): (SUCCESS_CONN - PROCESS: BROKER | SOCKET#: 11| QUEUE: APPEARED_POKEMON | IP: 127.0.0.1 | PORT: 6009)
[INFO] 13:35:21:599 GAME_CARD/(9204:9234): (SENDING: APPEARED_POKEMON|Jolteon|ID_CORRELATIVE:14|Pos_X:2|Pos_Y:2|SIZE:32 Bytes)
[INFO] 13:35:21:601 GAME_CARD/(9204:9234): (RECEIVING: ID_MSG:15)
[INFO] 13:35:21:602 GAME_CARD/(9204:9205): (RECEIVING: FROM NEW_POKEMON |  ID_MSG:16 | Flareon | POS_X:4 | POS_Y:6 | QTY:1|SIZE:36 Bytes)
[INFO] 13:35:21:602 GAME_CARD/(9204:9205): (SENDING ACK|NEW_POKEMON|ID_MSG:16->CONFIRMED|ID_SUSCRIPTOR:30)
[INFO] 13:35:21:602 GAME_CARD/(9204:9237): (El archivo Pokemon Flareon no existe en el File System - Creando Nuevo)
[INFO] 13:35:21:602 GAME_CARD/(9204:9237): CREATE_DIR Pokemon TALL_GRASS/Files/Flareon
[INFO] 13:35:21:603 GAME_CARD/(9204:9237): SAVE METADATA  TALL_GRASS/Files/Flareon/Metadata.bin
[INFO] 13:35:21:603 GAME_CARD/(9204:9237): (SUCCESS_CONN - PROCESS: BROKER | SOCKET#: 11| QUEUE: APPEARED_POKEMON | IP: 127.0.0.1 | PORT: 6009)
[INFO] 13:35:21:603 GAME_CARD/(9204:9237): (SENDING: APPEARED_POKEMON|Flareon|ID_CORRELATIVE:16|Pos_X:4|Pos_Y:6|SIZE:32 Bytes)
[INFO] 13:35:21:603 GAME_CARD/(9204:9237): (RECEIVING: ID_MSG:17)
[INFO] 13:37:30:718 GAME_CARD/(9204:9207): (RECEIVING: FROM GET_POKEMON | ID_MSG:18 | Pikachu -- SIZE = 24 Bytes)
[INFO] 13:37:30:718 GAME_CARD/(9204:9207): (SENDING ACK|GET_POKEMON|ID_MSG:18->CONFIRMED|ID_SUSCRIPTOR:30)
[INFO] 13:37:30:718 GAME_CARD/(9204:9345): (Archivo Pokemon Pikachu Abierto)
[INFO] 13:37:30:719 GAME_CARD/(9204:9345): (READING METADATADA FILE: Pikachu | DIRECTORY: N | SIZE: 6 | OPEN: N | USED_BLOCKS: 1)
[INFO] 13:37:30:719 GAME_CARD/(9204:9345): (READING FILE CONTENT: Pikachu | POSITIONS OBTAINED: 1 )
[INFO] 13:37:30:719 GAME_CARD/(9204:9345): (Archivo Pokemon Pikachu Cerrado)
[INFO] 13:37:30:719 GAME_CARD/(9204:9345): (SUCCESS_CONN - PROCESS: BROKER | SOCKET#: 11| QUEUE: LOCALIZED_POKEMON | IP: 127.0.0.1 | PORT: 6009)
[INFO] 13:37:30:719 GAME_CARD/(9204:9345): (SENDING: LOCALIZED_POKEMON|Socket#:11|ID_CORRELATIVE=18|Pikachu|QTY_POS:1|{Xn|Yn}:[9|9]|SIZE:36 Bytes)
[INFO] 13:37:30:720 GAME_CARD/(9204:9207): (RECEIVING: FROM GET_POKEMON | ID_MSG:19 | Pikachu -- SIZE = 24 Bytes)
[INFO] 13:37:30:720 GAME_CARD/(9204:9207): (SENDING ACK|GET_POKEMON|ID_MSG:19->CONFIRMED|ID_SUSCRIPTOR:30)
[INFO] 13:37:30:721 GAME_CARD/(9204:9345): (RECEIVING: ID_MSG:20)
[INFO] 13:37:30:722 GAME_CARD/(9204:9349): (Archivo Pokemon Pikachu Abierto)
[INFO] 13:37:30:722 GAME_CARD/(9204:9349): (READING METADATADA FILE: Pikachu | DIRECTORY: N | SIZE: 6 | OPEN: N | USED_BLOCKS: 1)
[INFO] 13:37:30:722 GAME_CARD/(9204:9349): (READING FILE CONTENT: Pikachu | POSITIONS OBTAINED: 1 )
[INFO] 13:37:30:722 GAME_CARD/(9204:9349): (Archivo Pokemon Pikachu Cerrado)
[INFO] 13:37:30:722 GAME_CARD/(9204:9349): (SUCCESS_CONN - PROCESS: BROKER | SOCKET#: 11| QUEUE: LOCALIZED_POKEMON | IP: 127.0.0.1 | PORT: 6009)
[INFO] 13:37:30:723 GAME_CARD/(9204:9349): (SENDING: LOCALIZED_POKEMON|Socket#:11|ID_CORRELATIVE=19|Pikachu|QTY_POS:1|{Xn|Yn}:[9|9]|SIZE:36 Bytes)
[INFO] 13:37:30:725 GAME_CARD/(9204:9349): (RECEIVING: ID_MSG:21)
[INFO] 13:37:30:726 GAME_CARD/(9204:9207): (RECEIVING: FROM GET_POKEMON | ID_MSG:22 | Squirtle -- SIZE = 25 Bytes)
[INFO] 13:37:30:726 GAME_CARD/(9204:9207): (SENDING ACK|GET_POKEMON|ID_MSG:22->CONFIRMED|ID_SUSCRIPTOR:30)
[INFO] 13:37:30:726 GAME_CARD/(9204:9353): (Archivo Pokemon Squirtle Abierto)
[INFO] 13:37:30:726 GAME_CARD/(9204:9353): (READING METADATADA FILE: Squirtle | DIRECTORY: N | SIZE: 6 | OPEN: N | USED_BLOCKS: 1)
[INFO] 13:37:30:727 GAME_CARD/(9204:9353): (READING FILE CONTENT: Squirtle | POSITIONS OBTAINED: 1 )
[INFO] 13:37:30:727 GAME_CARD/(9204:9353): (Archivo Pokemon Squirtle Cerrado)
[INFO] 13:37:30:727 GAME_CARD/(9204:9353): (SUCCESS_CONN - PROCESS: BROKER | SOCKET#: 11| QUEUE: LOCALIZED_POKEMON | IP: 127.0.0.1 | PORT: 6009)
[INFO] 13:37:30:727 GAME_CARD/(9204:9353): (SENDING: LOCALIZED_POKEMON|Socket#:11|ID_CORRELATIVE=22|Squirtle|QTY_POS:1|{Xn|Yn}:[5|2]|SIZE:37 Bytes)
[INFO] 13:37:30:728 GAME_CARD/(9204:9207): (RECEIVING: FROM GET_POKEMON | ID_MSG:23 | Squirtle -- SIZE = 25 Bytes)
[INFO] 13:37:30:728 GAME_CARD/(9204:9207): (SENDING ACK|GET_POKEMON|ID_MSG:23->CONFIRMED|ID_SUSCRIPTOR:30)
[INFO] 13:37:30:729 GAME_CARD/(9204:9353): (RECEIVING: ID_MSG:24)
[INFO] 13:37:30:733 GAME_CARD/(9204:9357): (Archivo Pokemon Squirtle Abierto)
[INFO] 13:37:30:733 GAME_CARD/(9204:9357): (READING METADATADA FILE: Squirtle | DIRECTORY: N | SIZE: 6 | OPEN: N | USED_BLOCKS: 1)
[INFO] 13:37:30:733 GAME_CARD/(9204:9357): (READING FILE CONTENT: Squirtle | POSITIONS OBTAINED: 1 )
[INFO] 13:37:30:734 GAME_CARD/(9204:9357): (Archivo Pokemon Squirtle Cerrado)
[INFO] 13:37:30:734 GAME_CARD/(9204:9357): (SUCCESS_CONN - PROCESS: BROKER | SOCKET#: 11| QUEUE: LOCALIZED_POKEMON | IP: 127.0.0.1 | PORT: 6009)
[INFO] 13:37:30:734 GAME_CARD/(9204:9357): (SENDING: LOCALIZED_POKEMON|Socket#:11|ID_CORRELATIVE=23|Squirtle|QTY_POS:1|{Xn|Yn}:[5|2]|SIZE:37 Bytes)
[ERROR] 13:37:30:861 GAME_CARD/(9204:9209): (Se perdió Conexión con BROKER|CATCH_POKEMON)
[DEBUG] 13:37:30:861 GAME_CARD/(9204:9209): (GAMECARD END_SUSCRIPTION: |RECVD_MSGs:0|TOTAL_MSGS:0)
[ERROR] 13:37:30:861 GAME_CARD/(9204:9205): (Se perdió Conexión con BROKER|NEW_POKEMON)
[ERROR] 13:37:30:861 GAME_CARD/(9204:9207): (Se perdió Conexión con BROKER|GET_POKEMON)
[DEBUG] 13:37:30:861 GAME_CARD/(9204:9205): (GAMECARD END_SUSCRIPTION: |RECVD_MSGs:4|TOTAL_MSGS:4)
[DEBUG] 13:37:30:861 GAME_CARD/(9204:9207): (GAMECARD END_SUSCRIPTION: |RECVD_MSGs:4|TOTAL_MSGS:4)
[ERROR] 13:37:47:446 GAME_CARD/(9204:9372): (CONN_FAILED:PROCESS: BROKER | QUEUE: NEW_POKEMON | IP: 127.0.0.1 | PORT: 6009)
[ERROR] 13:37:47:446 GAME_CARD/(9204:9373): (CONN_FAILED:PROCESS: BROKER | QUEUE: GET_POKEMON | IP: 127.0.0.1 | PORT: 6009)
[ERROR] 13:37:47:446 GAME_CARD/(9204:9374): (CONN_FAILED:PROCESS: BROKER | QUEUE: CATCH_POKEMON | IP: 127.0.0.1 | PORT: 6009)
[ERROR] 13:38:17:446 GAME_CARD/(9204:9395): (CONN_FAILED:PROCESS: BROKER | QUEUE: NEW_POKEMON | IP: 127.0.0.1 | PORT: 6009)
[ERROR] 13:38:17:446 GAME_CARD/(9204:9396): (CONN_FAILED:PROCESS: BROKER | QUEUE: GET_POKEMON | IP: 127.0.0.1 | PORT: 6009)
[ERROR] 13:38:17:447 GAME_CARD/(9204:9397): (CONN_FAILED:PROCESS: BROKER | QUEUE: CATCH_POKEMON | IP: 127.0.0.1 | PORT: 6009)
[ERROR] 13:38:47:447 GAME_CARD/(9204:9407): (CONN_FAILED:PROCESS: BROKER | QUEUE: NEW_POKEMON | IP: 127.0.0.1 | PORT: 6009)
[ERROR] 13:38:47:447 GAME_CARD/(9204:9408): (CONN_FAILED:PROCESS: BROKER | QUEUE: GET_POKEMON | IP: 127.0.0.1 | PORT: 6009)
[ERROR] 13:38:47:447 GAME_CARD/(9204:9409): (CONN_FAILED:PROCESS: BROKER | QUEUE: CATCH_POKEMON | IP: 127.0.0.1 | PORT: 6009)
[INFO] 13:39:17:447 GAME_CARD/(9204:9414): (SUCCESS_CONN - PROCESS: BROKER | SOCKET#: 17| QUEUE: NEW_POKEMON | IP: 127.0.0.1 | PORT: 6009)
[INFO] 13:39:17:447 GAME_CARD/(9204:9414): (SENDING ACK|NEW_POKEMON|ID_MSG:0->CONFIRMED|ID_SUSCRIPTOR:30)
[INFO] 13:39:17:448 GAME_CARD/(9204:9416): (SUCCESS_CONN - PROCESS: BROKER | SOCKET#: 18| QUEUE: GET_POKEMON | IP: 127.0.0.1 | PORT: 6009)
[INFO] 13:39:17:448 GAME_CARD/(9204:9416): (SENDING ACK|GET_POKEMON|ID_MSG:0->CONFIRMED|ID_SUSCRIPTOR:30)
[INFO] 13:39:17:448 GAME_CARD/(9204:9418): (SUCCESS_CONN - PROCESS: BROKER | SOCKET#: 19| QUEUE: CATCH_POKEMON | IP: 127.0.0.1 | PORT: 6009)
[INFO] 13:39:17:448 GAME_CARD/(9204:9418): (SENDING ACK|CATCH_POKEMON|ID_MSG:0->CONFIRMED|ID_SUSCRIPTOR:30)
[INFO] 13:39:21:868 GAME_CARD/(9204:9416): (RECEIVING: FROM GET_POKEMON | ID_MSG:1 | Pikachu -- SIZE = 24 Bytes)
[INFO] 13:39:21:868 GAME_CARD/(9204:9416): (SENDING ACK|GET_POKEMON|ID_MSG:1->CONFIRMED|ID_SUSCRIPTOR:30)
[INFO] 13:39:21:869 GAME_CARD/(9204:9436): (Archivo Pokemon Pikachu Abierto)
[INFO] 13:39:21:869 GAME_CARD/(9204:9436): (READING METADATADA FILE: Pikachu | DIRECTORY: N | SIZE: 6 | OPEN: N | USED_BLOCKS: 1)
[INFO] 13:39:21:869 GAME_CARD/(9204:9436): (READING FILE CONTENT: Pikachu | POSITIONS OBTAINED: 1 )
[INFO] 13:39:21:869 GAME_CARD/(9204:9436): (Archivo Pokemon Pikachu Cerrado)
[INFO] 13:39:21:870 GAME_CARD/(9204:9436): (SUCCESS_CONN - PROCESS: BROKER | SOCKET#: 20| QUEUE: LOCALIZED_POKEMON | IP: 127.0.0.1 | PORT: 6009)
[INFO] 13:39:21:870 GAME_CARD/(9204:9436): (SENDING: LOCALIZED_POKEMON|Socket#:20|ID_CORRELATIVE=1|Pikachu|QTY_POS:1|{Xn|Yn}:[9|9]|SIZE:36 Bytes)
[INFO] 13:39:21:871 GAME_CARD/(9204:9416): (RECEIVING: FROM GET_POKEMON | ID_MSG:2 | Pikachu -- SIZE = 24 Bytes)
[INFO] 13:39:21:871 GAME_CARD/(9204:9416): (SENDING ACK|GET_POKEMON|ID_MSG:2->CONFIRMED|ID_SUSCRIPTOR:30)
[INFO] 13:39:21:871 GAME_CARD/(9204:9436): (RECEIVING: ID_MSG:3)
[INFO] 13:39:21:872 GAME_CARD/(9204:9440): (Archivo Pokemon Pikachu Abierto)
[INFO] 13:39:21:872 GAME_CARD/(9204:9440): (READING METADATADA FILE: Pikachu | DIRECTORY: N | SIZE: 6 | OPEN: N | USED_BLOCKS: 1)
[INFO] 13:39:21:872 GAME_CARD/(9204:9440): (READING FILE CONTENT: Pikachu | POSITIONS OBTAINED: 1 )
[INFO] 13:39:21:873 GAME_CARD/(9204:9440): (Archivo Pokemon Pikachu Cerrado)
[INFO] 13:39:21:873 GAME_CARD/(9204:9440): (SUCCESS_CONN - PROCESS: BROKER | SOCKET#: 20| QUEUE: LOCALIZED_POKEMON | IP: 127.0.0.1 | PORT: 6009)
[INFO] 13:39:21:873 GAME_CARD/(9204:9440): (SENDING: LOCALIZED_POKEMON|Socket#:20|ID_CORRELATIVE=2|Pikachu|QTY_POS:1|{Xn|Yn}:[9|9]|SIZE:36 Bytes)
[INFO] 13:39:21:875 GAME_CARD/(9204:9440): (RECEIVING: ID_MSG:4)
[INFO] 13:39:21:876 GAME_CARD/(9204:9416): (RECEIVING: FROM GET_POKEMON | ID_MSG:5 | Squirtle -- SIZE = 25 Bytes)
[INFO] 13:39:21:876 GAME_CARD/(9204:9416): (SENDING ACK|GET_POKEMON|ID_MSG:5->CONFIRMED|ID_SUSCRIPTOR:30)
[INFO] 13:39:21:876 GAME_CARD/(9204:9444): (Archivo Pokemon Squirtle Abierto)
[INFO] 13:39:21:877 GAME_CARD/(9204:9444): (READING METADATADA FILE: Squirtle | DIRECTORY: N | SIZE: 6 | OPEN: N | USED_BLOCKS: 1)
[INFO] 13:39:21:877 GAME_CARD/(9204:9444): (READING FILE CONTENT: Squirtle | POSITIONS OBTAINED: 1 )
[INFO] 13:39:21:877 GAME_CARD/(9204:9444): (Archivo Pokemon Squirtle Cerrado)
[INFO] 13:39:21:877 GAME_CARD/(9204:9444): (SUCCESS_CONN - PROCESS: BROKER | SOCKET#: 20| QUEUE: LOCALIZED_POKEMON | IP: 127.0.0.1 | PORT: 6009)
[INFO] 13:39:21:877 GAME_CARD/(9204:9444): (SENDING: LOCALIZED_POKEMON|Socket#:20|ID_CORRELATIVE=5|Squirtle|QTY_POS:1|{Xn|Yn}:[5|2]|SIZE:37 Bytes)
[INFO] 13:39:21:878 GAME_CARD/(9204:9416): (RECEIVING: FROM GET_POKEMON | ID_MSG:6 | Squirtle -- SIZE = 25 Bytes)
[INFO] 13:39:21:878 GAME_CARD/(9204:9416): (SENDING ACK|GET_POKEMON|ID_MSG:6->CONFIRMED|ID_SUSCRIPTOR:30)
[INFO] 13:39:21:879 GAME_CARD/(9204:9444): (RECEIVING: ID_MSG:7)
[INFO] 13:39:21:879 GAME_CARD/(9204:9448): (Archivo Pokemon Squirtle Abierto)
[INFO] 13:39:21:880 GAME_CARD/(9204:9448): (READING METADATADA FILE: Squirtle | DIRECTORY: N | SIZE: 6 | OPEN: N | USED_BLOCKS: 1)
[INFO] 13:39:21:880 GAME_CARD/(9204:9448): (READING FILE CONTENT: Squirtle | POSITIONS OBTAINED: 1 )
[INFO] 13:39:21:880 GAME_CARD/(9204:9448): (Archivo Pokemon Squirtle Cerrado)
[INFO] 13:39:21:880 GAME_CARD/(9204:9448): (SUCCESS_CONN - PROCESS: BROKER | SOCKET#: 20| QUEUE: LOCALIZED_POKEMON | IP: 127.0.0.1 | PORT: 6009)
[INFO] 13:39:21:880 GAME_CARD/(9204:9448): (SENDING: LOCALIZED_POKEMON|Socket#:20|ID_CORRELATIVE=6|Squirtle|QTY_POS:1|{Xn|Yn}:[5|2]|SIZE:37 Bytes)
[INFO] 13:39:21:881 GAME_CARD/(9204:9416): (RECEIVING: FROM GET_POKEMON | ID_MSG:8 | Gengar -- SIZE = 23 Bytes)
[INFO] 13:39:21:881 GAME_CARD/(9204:9416): (SENDING ACK|GET_POKEMON|ID_MSG:8->CONFIRMED|ID_SUSCRIPTOR:30)
[INFO] 13:39:21:882 GAME_CARD/(9204:9448): (RECEIVING: ID_MSG:9)
[WARNING] 13:39:21:882 GAME_CARD/(9204:9452): (-->> El archivo Pokemon Gengar no existe en el File System <<--)
[INFO] 13:39:21:883 GAME_CARD/(9204:9416): (RECEIVING: FROM GET_POKEMON | ID_MSG:10 | Onix -- SIZE = 21 Bytes)
[INFO] 13:39:21:883 GAME_CARD/(9204:9416): (SENDING ACK|GET_POKEMON|ID_MSG:10->CONFIRMED|ID_SUSCRIPTOR:30)
[WARNING] 13:39:21:883 GAME_CARD/(9204:9454): (-->> El archivo Pokemon Onix no existe en el File System <<--)
[ERROR] 13:40:54:512 GAME_CARD/(9204:9418): (Se perdió Conexión con BROKER|CATCH_POKEMON)
[ERROR] 13:40:54:512 GAME_CARD/(9204:9416): (Se perdió Conexión con BROKER|GET_POKEMON)
[ERROR] 13:40:54:512 GAME_CARD/(9204:9414): (Se perdió Conexión con BROKER|NEW_POKEMON)
[DEBUG] 13:40:54:512 GAME_CARD/(9204:9418): (GAMECARD END_SUSCRIPTION: |RECVD_MSGs:0|TOTAL_MSGS:0)
[DEBUG] 13:40:54:512 GAME_CARD/(9204:9414): (GAMECARD END_SUSCRIPTION: |RECVD_MSGs:0|TOTAL_MSGS:4)
[DEBUG] 13:40:54:512 GAME_CARD/(9204:9416): (GAMECARD END_SUSCRIPTION: |RECVD_MSGs:6|TOTAL_MSGS:10)
[INFO] 13:41:17:450 GAME_CARD/(9204:9476): (SUCCESS_CONN - PROCESS: BROKER | SOCKET#: 17| QUEUE: NEW_POKEMON | IP: 127.0.0.1 | PORT: 6009)
[INFO] 13:41:17:450 GAME_CARD/(9204:9476): (SENDING ACK|NEW_POKEMON|ID_MSG:0->CONFIRMED|ID_SUSCRIPTOR:30)
[INFO] 13:41:17:451 GAME_CARD/(9204:9478): (SUCCESS_CONN - PROCESS: BROKER | SOCKET#: 18| QUEUE: GET_POKEMON | IP: 127.0.0.1 | PORT: 6009)
[INFO] 13:41:17:451 GAME_CARD/(9204:9478): (SENDING ACK|GET_POKEMON|ID_MSG:0->CONFIRMED|ID_SUSCRIPTOR:30)
[INFO] 13:41:17:451 GAME_CARD/(9204:9480): (SUCCESS_CONN - PROCESS: BROKER | SOCKET#: 19| QUEUE: CATCH_POKEMON | IP: 127.0.0.1 | PORT: 6009)
[INFO] 13:41:17:451 GAME_CARD/(9204:9480): (SENDING ACK|CATCH_POKEMON|ID_MSG:0->CONFIRMED|ID_SUSCRIPTOR:30)
[INFO] 13:41:21:871 GAME_CARD/(9204:9478): (RECEIVING: FROM GET_POKEMON | ID_MSG:1 | Pikachu -- SIZE = 24 Bytes)
[INFO] 13:41:21:871 GAME_CARD/(9204:9478): (SENDING ACK|GET_POKEMON|ID_MSG:1->CONFIRMED|ID_SUSCRIPTOR:30)
[INFO] 13:41:21:871 GAME_CARD/(9204:9492): (Archivo Pokemon Pikachu Abierto)
[INFO] 13:41:21:871 GAME_CARD/(9204:9492): (READING METADATADA FILE: Pikachu | DIRECTORY: N | SIZE: 6 | OPEN: N | USED_BLOCKS: 1)
[INFO] 13:41:21:871 GAME_CARD/(9204:9492): (READING FILE CONTENT: Pikachu | POSITIONS OBTAINED: 1 )
[INFO] 13:41:21:872 GAME_CARD/(9204:9492): (Archivo Pokemon Pikachu Cerrado)
[INFO] 13:41:21:872 GAME_CARD/(9204:9492): (SUCCESS_CONN - PROCESS: BROKER | SOCKET#: 20| QUEUE: LOCALIZED_POKEMON | IP: 127.0.0.1 | PORT: 6009)
[INFO] 13:41:21:872 GAME_CARD/(9204:9492): (SENDING: LOCALIZED_POKEMON|Socket#:20|ID_CORRELATIVE=1|Pikachu|QTY_POS:1|{Xn|Yn}:[9|9]|SIZE:36 Bytes)
[INFO] 13:41:21:873 GAME_CARD/(9204:9478): (RECEIVING: FROM GET_POKEMON | ID_MSG:2 | Pikachu -- SIZE = 24 Bytes)
[INFO] 13:41:21:873 GAME_CARD/(9204:9478): (SENDING ACK|GET_POKEMON|ID_MSG:2->CONFIRMED|ID_SUSCRIPTOR:30)
[INFO] 13:41:21:874 GAME_CARD/(9204:9492): (RECEIVING: ID_MSG:3)
[INFO] 13:41:21:874 GAME_CARD/(9204:9496): (Archivo Pokemon Pikachu Abierto)
[INFO] 13:41:21:874 GAME_CARD/(9204:9496): (READING METADATADA FILE: Pikachu | DIRECTORY: N | SIZE: 6 | OPEN: N | USED_BLOCKS: 1)
[INFO] 13:41:21:874 GAME_CARD/(9204:9496): (READING FILE CONTENT: Pikachu | POSITIONS OBTAINED: 1 )
[INFO] 13:41:21:875 GAME_CARD/(9204:9496): (Archivo Pokemon Pikachu Cerrado)
[INFO] 13:41:21:875 GAME_CARD/(9204:9496): (SUCCESS_CONN - PROCESS: BROKER | SOCKET#: 20| QUEUE: LOCALIZED_POKEMON | IP: 127.0.0.1 | PORT: 6009)
[INFO] 13:41:21:875 GAME_CARD/(9204:9496): (SENDING: LOCALIZED_POKEMON|Socket#:20|ID_CORRELATIVE=2|Pikachu|QTY_POS:1|{Xn|Yn}:[9|9]|SIZE:36 Bytes)
[INFO] 13:41:21:876 GAME_CARD/(9204:9496): (RECEIVING: ID_MSG:4)
[INFO] 13:41:21:877 GAME_CARD/(9204:9478): (RECEIVING: FROM GET_POKEMON | ID_MSG:5 | Squirtle -- SIZE = 25 Bytes)
[INFO] 13:41:21:877 GAME_CARD/(9204:9478): (SENDING ACK|GET_POKEMON|ID_MSG:5->CONFIRMED|ID_SUSCRIPTOR:30)
[INFO] 13:41:21:877 GAME_CARD/(9204:9500): (Archivo Pokemon Squirtle Abierto)
[INFO] 13:41:21:878 GAME_CARD/(9204:9500): (READING METADATADA FILE: Squirtle | DIRECTORY: N | SIZE: 6 | OPEN: N | USED_BLOCKS: 1)
[INFO] 13:41:21:878 GAME_CARD/(9204:9500): (READING FILE CONTENT: Squirtle | POSITIONS OBTAINED: 1 )
[INFO] 13:41:21:878 GAME_CARD/(9204:9500): (Archivo Pokemon Squirtle Cerrado)
[INFO] 13:41:21:878 GAME_CARD/(9204:9500): (SUCCESS_CONN - PROCESS: BROKER | SOCKET#: 20| QUEUE: LOCALIZED_POKEMON | IP: 127.0.0.1 | PORT: 6009)
[INFO] 13:41:21:878 GAME_CARD/(9204:9500): (SENDING: LOCALIZED_POKEMON|Socket#:20|ID_CORRELATIVE=5|Squirtle|QTY_POS:1|{Xn|Yn}:[5|2]|SIZE:37 Bytes)
[INFO] 13:41:21:880 GAME_CARD/(9204:9500): (RECEIVING: ID_MSG:6)
[INFO] 13:41:21:882 GAME_CARD/(9204:9478): (RECEIVING: FROM GET_POKEMON | ID_MSG:7 | Squirtle -- SIZE = 25 Bytes)
[INFO] 13:41:21:882 GAME_CARD/(9204:9478): (SENDING ACK|GET_POKEMON|ID_MSG:7->CONFIRMED|ID_SUSCRIPTOR:30)
[INFO] 13:41:21:882 GAME_CARD/(9204:9504): (Archivo Pokemon Squirtle Abierto)
[INFO] 13:41:21:882 GAME_CARD/(9204:9504): (READING METADATADA FILE: Squirtle | DIRECTORY: N | SIZE: 6 | OPEN: N | USED_BLOCKS: 1)
[INFO] 13:41:21:882 GAME_CARD/(9204:9504): (READING FILE CONTENT: Squirtle | POSITIONS OBTAINED: 1 )
[INFO] 13:41:21:882 GAME_CARD/(9204:9504): (Archivo Pokemon Squirtle Cerrado)
[INFO] 13:41:21:882 GAME_CARD/(9204:9504): (SUCCESS_CONN - PROCESS: BROKER | SOCKET#: 20| QUEUE: LOCALIZED_POKEMON | IP: 127.0.0.1 | PORT: 6009)
[INFO] 13:41:21:883 GAME_CARD/(9204:9504): (SENDING: LOCALIZED_POKEMON|Socket#:20|ID_CORRELATIVE=7|Squirtle|QTY_POS:1|{Xn|Yn}:[5|2]|SIZE:37 Bytes)
[INFO] 13:41:21:883 GAME_CARD/(9204:9504): (RECEIVING: ID_MSG:8)
[INFO] 13:41:21:884 GAME_CARD/(9204:9478): (RECEIVING: FROM GET_POKEMON | ID_MSG:9 | Gengar -- SIZE = 23 Bytes)
[INFO] 13:41:21:885 GAME_CARD/(9204:9478): (SENDING ACK|GET_POKEMON|ID_MSG:9->CONFIRMED|ID_SUSCRIPTOR:30)
[WARNING] 13:41:21:885 GAME_CARD/(9204:9508): (-->> El archivo Pokemon Gengar no existe en el File System <<--)
[INFO] 13:41:21:886 GAME_CARD/(9204:9478): (RECEIVING: FROM GET_POKEMON | ID_MSG:10 | Onix -- SIZE = 21 Bytes)
[INFO] 13:41:21:886 GAME_CARD/(9204:9478): (SENDING ACK|GET_POKEMON|ID_MSG:10->CONFIRMED|ID_SUSCRIPTOR:30)
[WARNING] 13:41:21:886 GAME_CARD/(9204:9510): (-->> El archivo Pokemon Onix no existe en el File System <<--)
[ERROR] 13:44:55:136 GAME_CARD/(9204:9480): (Se perdió Conexión con BROKER|CATCH_POKEMON)
[ERROR] 13:44:55:136 GAME_CARD/(9204:9478): (Se perdió Conexión con BROKER|GET_POKEMON)
[ERROR] 13:44:55:136 GAME_CARD/(9204:9476): (Se perdió Conexión con BROKER|NEW_POKEMON)
[DEBUG] 13:44:55:136 GAME_CARD/(9204:9480): (GAMECARD END_SUSCRIPTION: |RECVD_MSGs:0|TOTAL_MSGS:0)
[DEBUG] 13:44:55:137 GAME_CARD/(9204:9476): (GAMECARD END_SUSCRIPTION: |RECVD_MSGs:0|TOTAL_MSGS:4)
[DEBUG] 13:44:55:137 GAME_CARD/(9204:9478): (GAMECARD END_SUSCRIPTION: |RECVD_MSGs:6|TOTAL_MSGS:16)
[INFO] 13:55:29:124 GAME_CARD/(9997:9997): INICIO_LOG_SUCESS
[TRACE] 13:55:29:128 GAME_CARD/(9997:9997): Para finalizar Suscripción -->> Enviar Señales ''kill SIGUSR1/2 '' al proceso (PID):9997
[INFO] 13:55:29:128 GAME_CARD/(9997:9998): (SUCCESS_CONN - PROCESS: BROKER | SOCKET#: 6| QUEUE: NEW_POKEMON | IP: 127.0.0.1 | PORT: 6009)
[INFO] 13:55:29:128 GAME_CARD/(9997:9998): (SENDING ACK|NEW_POKEMON|ID_MSG:0->CONFIRMED|ID_SUSCRIPTOR:30)
[INFO] 13:55:29:128 GAME_CARD/(9997:10000): (SUCCESS_CONN - PROCESS: BROKER | SOCKET#: 7| QUEUE: GET_POKEMON | IP: 127.0.0.1 | PORT: 6009)
[INFO] 13:55:29:129 GAME_CARD/(9997:10000): (SENDING ACK|GET_POKEMON|ID_MSG:0->CONFIRMED|ID_SUSCRIPTOR:30)
[INFO] 13:55:29:129 GAME_CARD/(9997:10002): (SUCCESS_CONN - PROCESS: BROKER | SOCKET#: 8| QUEUE: CATCH_POKEMON | IP: 127.0.0.1 | PORT: 6009)
[INFO] 13:55:29:129 GAME_CARD/(9997:10002): (SENDING ACK|CATCH_POKEMON|ID_MSG:0->CONFIRMED|ID_SUSCRIPTOR:30)
[INFO] 13:55:29:129 GAME_CARD/(9997:10000): (RECEIVING: FROM GET_POKEMON | ID_MSG:15 | Squirtle -- SIZE = 25 Bytes)
[INFO] 13:55:29:130 GAME_CARD/(9997:10000): (SENDING ACK|GET_POKEMON|ID_MSG:15->CONFIRMED|ID_SUSCRIPTOR:30)
[INFO] 13:55:29:130 GAME_CARD/(9997:10000): (RECEIVING: FROM GET_POKEMON | ID_MSG:16 | Pikachu -- SIZE = 24 Bytes)
[INFO] 13:55:29:130 GAME_CARD/(9997:10000): (SENDING ACK|GET_POKEMON|ID_MSG:16->CONFIRMED|ID_SUSCRIPTOR:30)
[INFO] 13:55:29:130 GAME_CARD/(9997:10000): (RECEIVING: FROM GET_POKEMON | ID_MSG:17 | Pikachu -- SIZE = 24 Bytes)
[INFO] 13:55:29:130 GAME_CARD/(9997:10000): (SENDING ACK|GET_POKEMON|ID_MSG:17->CONFIRMED|ID_SUSCRIPTOR:30)
[INFO] 13:55:29:130 GAME_CARD/(9997:10000): (RECEIVING: FROM GET_POKEMON | ID_MSG:18 | Squirtle -- SIZE = 25 Bytes)
[INFO] 13:55:29:131 GAME_CARD/(9997:10000): (SENDING ACK|GET_POKEMON|ID_MSG:18->CONFIRMED|ID_SUSCRIPTOR:30)
[INFO] 13:55:29:131 GAME_CARD/(9997:10000): (RECEIVING: FROM GET_POKEMON | ID_MSG:19 | Pikachu -- SIZE = 24 Bytes)
[INFO] 13:55:29:131 GAME_CARD/(9997:10000): (SENDING ACK|GET_POKEMON|ID_MSG:19->CONFIRMED|ID_SUSCRIPTOR:30)
[INFO] 13:55:29:131 GAME_CARD/(9997:10000): (RECEIVING: FROM GET_POKEMON | ID_MSG:20 | Pikachu -- SIZE = 24 Bytes)
[INFO] 13:55:29:132 GAME_CARD/(9997:10000): (SENDING ACK|GET_POKEMON|ID_MSG:20->CONFIRMED|ID_SUSCRIPTOR:30)
[INFO] 13:55:29:132 GAME_CARD/(9997:10000): (RECEIVING: FROM GET_POKEMON | ID_MSG:21 | Squirtle -- SIZE = 25 Bytes)
[INFO] 13:55:29:132 GAME_CARD/(9997:10000): (SENDING ACK|GET_POKEMON|ID_MSG:21->CONFIRMED|ID_SUSCRIPTOR:30)
[INFO] 13:55:29:132 GAME_CARD/(9997:10000): (RECEIVING: FROM GET_POKEMON | ID_MSG:22 | Pikachu -- SIZE = 24 Bytes)
[INFO] 13:55:29:133 GAME_CARD/(9997:10000): (SENDING ACK|GET_POKEMON|ID_MSG:22->CONFIRMED|ID_SUSCRIPTOR:30)
[INFO] 13:55:29:133 GAME_CARD/(9997:10000): (RECEIVING: FROM GET_POKEMON | ID_MSG:23 | Pikachu -- SIZE = 24 Bytes)
[INFO] 13:55:29:133 GAME_CARD/(9997:10000): (SENDING ACK|GET_POKEMON|ID_MSG:23->CONFIRMED|ID_SUSCRIPTOR:30)
[INFO] 13:55:29:133 GAME_CARD/(9997:10000): (RECEIVING: FROM GET_POKEMON | ID_MSG:24 | Squirtle -- SIZE = 25 Bytes)
[INFO] 13:55:29:133 GAME_CARD/(9997:10000): (SENDING ACK|GET_POKEMON|ID_MSG:24->CONFIRMED|ID_SUSCRIPTOR:30)
[INFO] 13:55:29:133 GAME_CARD/(9997:10000): (RECEIVING: FROM GET_POKEMON | ID_MSG:25 | Pepe -- SIZE = 21 Bytes)
[INFO] 13:55:29:133 GAME_CARD/(9997:10000): (SENDING ACK|GET_POKEMON|ID_MSG:25->CONFIRMED|ID_SUSCRIPTOR:30)
[INFO] 13:55:29:134 GAME_CARD/(9997:10000): (RECEIVING: FROM GET_POKEMON | ID_MSG:26 | Vaporeon -- SIZE = 25 Bytes)
[INFO] 13:55:29:134 GAME_CARD/(9997:10000): (SENDING ACK|GET_POKEMON|ID_MSG:26->CONFIRMED|ID_SUSCRIPTOR:30)
[INFO] 13:55:29:135 GAME_CARD/(9997:10000): (RECEIVING: FROM GET_POKEMON | ID_MSG:27 | Jolteon -- SIZE = 24 Bytes)
[INFO] 13:55:29:135 GAME_CARD/(9997:10000): (SENDING ACK|GET_POKEMON|ID_MSG:27->CONFIRMED|ID_SUSCRIPTOR:30)
[INFO] 13:55:29:135 GAME_CARD/(9997:10000): (RECEIVING: FROM GET_POKEMON | ID_MSG:28 | Flareon -- SIZE = 24 Bytes)
[INFO] 13:55:29:135 GAME_CARD/(9997:10000): (SENDING ACK|GET_POKEMON|ID_MSG:28->CONFIRMED|ID_SUSCRIPTOR:30)
[INFO] 13:55:29:135 GAME_CARD/(9997:10000): (RECEIVING: FROM GET_POKEMON | ID_MSG:29 | Umbreon -- SIZE = 24 Bytes)
[INFO] 13:55:29:135 GAME_CARD/(9997:10000): (SENDING ACK|GET_POKEMON|ID_MSG:29->CONFIRMED|ID_SUSCRIPTOR:30)
[INFO] 13:55:29:135 GAME_CARD/(9997:10000): (RECEIVING: FROM GET_POKEMON | ID_MSG:30 | Espeon -- SIZE = 23 Bytes)
[INFO] 13:55:29:135 GAME_CARD/(9997:10000): (SENDING ACK|GET_POKEMON|ID_MSG:30->CONFIRMED|ID_SUSCRIPTOR:30)
[INFO] 13:55:29:136 GAME_CARD/(9997:10008): (Archivo Pokemon Pikachu Abierto)
[INFO] 13:55:29:136 GAME_CARD/(9997:10008): (READING METADATADA FILE: Pikachu | DIRECTORY: N | SIZE: 6 | OPEN: N | USED_BLOCKS: 1)
[INFO] 13:55:29:136 GAME_CARD/(9997:10008): (READING FILE CONTENT: Pikachu | POSITIONS OBTAINED: 1 )
[WARNING] 13:55:29:136 GAME_CARD/(9997:10009): (-->> Archivo Pokemon Pikachu Abierto por otro mensaje <<--)

[WARNING] 13:55:29:137 GAME_CARD/(9997:10011): (-->> Archivo Pokemon Pikachu Abierto por otro mensaje <<--)

[WARNING] 13:55:29:137 GAME_CARD/(9997:10012): (-->> Archivo Pokemon Pikachu Abierto por otro mensaje <<--)

[WARNING] 13:55:29:137 GAME_CARD/(9997:10006): (-->> Archivo Pokemon Pikachu Abierto por otro mensaje <<--)

[INFO] 13:55:29:137 GAME_CARD/(9997:10008): (Archivo Pokemon Pikachu Cerrado)
[WARNING] 13:55:29:137 GAME_CARD/(9997:10014): (-->> El archivo Pokemon Pepe no existe en el File System <<--)
[WARNING] 13:55:29:137 GAME_CARD/(9997:10015): (-->> El archivo Pokemon Vaporeon no existe en el File System <<--)
[INFO] 13:55:29:137 GAME_CARD/(9997:10008): (SUCCESS_CONN - PROCESS: BROKER | SOCKET#: 9| QUEUE: LOCALIZED_POKEMON | IP: 127.0.0.1 | PORT: 6009)
[INFO] 13:55:29:137 GAME_CARD/(9997:10007): (Archivo Pokemon Squirtle Abierto)
[INFO] 13:55:29:138 GAME_CARD/(9997:10008): (SENDING: LOCALIZED_POKEMON|Socket#:9|ID_CORRELATIVE=19|Pikachu|QTY_POS:1|{Xn|Yn}:[9|9]|SIZE:36 Bytes)
[WARNING] 13:55:29:138 GAME_CARD/(9997:10018): (-->> El archivo Pokemon Umbreon no existe en el File System <<--)
[INFO] 13:55:29:138 GAME_CARD/(9997:10007): (READING METADATADA FILE: Squirtle | DIRECTORY: N | SIZE: 6 | OPEN: N | USED_BLOCKS: 1)
[INFO] 13:55:29:138 GAME_CARD/(9997:10007): (READING FILE CONTENT: Squirtle | POSITIONS OBTAINED: 1 )
[INFO] 13:55:29:138 GAME_CARD/(9997:10007): (Archivo Pokemon Squirtle Cerrado)
[INFO] 13:55:29:138 GAME_CARD/(9997:10010): (Archivo Pokemon Squirtle Abierto)
[INFO] 13:55:29:138 GAME_CARD/(9997:10010): (READING METADATADA FILE: Squirtle | DIRECTORY: N | SIZE: 6 | OPEN: N | USED_BLOCKS: 1)
[INFO] 13:55:29:138 GAME_CARD/(9997:10010): (READING FILE CONTENT: Squirtle | POSITIONS OBTAINED: 1 )
[INFO] 13:55:29:138 GAME_CARD/(9997:10010): (Archivo Pokemon Squirtle Cerrado)
[INFO] 13:55:29:139 GAME_CARD/(9997:10013): (Archivo Pokemon Squirtle Abierto)
[INFO] 13:55:29:139 GAME_CARD/(9997:10013): (READING METADATADA FILE: Squirtle | DIRECTORY: N | SIZE: 6 | OPEN: N | USED_BLOCKS: 1)
[INFO] 13:55:29:139 GAME_CARD/(9997:10013): (READING FILE CONTENT: Squirtle | POSITIONS OBTAINED: 1 )
[WARNING] 13:55:29:139 GAME_CARD/(9997:10019): (-->> El archivo Pokemon Espeon no existe en el File System <<--)
[INFO] 13:55:29:139 GAME_CARD/(9997:10013): (Archivo Pokemon Squirtle Cerrado)
[INFO] 13:55:29:139 GAME_CARD/(9997:10005): (Archivo Pokemon Pikachu Abierto)
[INFO] 13:55:29:139 GAME_CARD/(9997:10005): (READING METADATADA FILE: Pikachu | DIRECTORY: N | SIZE: 6 | OPEN: N | USED_BLOCKS: 1)
[INFO] 13:55:29:139 GAME_CARD/(9997:10005): (READING FILE CONTENT: Pikachu | POSITIONS OBTAINED: 1 )
[INFO] 13:55:29:139 GAME_CARD/(9997:10005): (Archivo Pokemon Pikachu Cerrado)
[INFO] 13:55:29:140 GAME_CARD/(9997:10016): (Archivo Pokemon Jolteon Abierto)
[INFO] 13:55:29:140 GAME_CARD/(9997:10016): (READING METADATADA FILE: Jolteon | DIRECTORY: N | SIZE: 6 | OPEN: N | USED_BLOCKS: 1)
[INFO] 13:55:29:140 GAME_CARD/(9997:10016): (READING FILE CONTENT: Jolteon | POSITIONS OBTAINED: 1 )
[INFO] 13:55:29:140 GAME_CARD/(9997:10016): (Archivo Pokemon Jolteon Cerrado)
[INFO] 13:55:29:140 GAME_CARD/(9997:10017): (Archivo Pokemon Flareon Abierto)
[INFO] 13:55:29:140 GAME_CARD/(9997:10017): (READING METADATADA FILE: Flareon | DIRECTORY: N | SIZE: 6 | OPEN: N | USED_BLOCKS: 1)
[INFO] 13:55:29:140 GAME_CARD/(9997:10017): (READING FILE CONTENT: Flareon | POSITIONS OBTAINED: 1 )
[INFO] 13:55:29:141 GAME_CARD/(9997:10017): (Archivo Pokemon Flareon Cerrado)
[INFO] 13:55:29:141 GAME_CARD/(9997:10004): (Archivo Pokemon Squirtle Abierto)
[INFO] 13:55:29:141 GAME_CARD/(9997:10004): (READING METADATADA FILE: Squirtle | DIRECTORY: N | SIZE: 6 | OPEN: N | USED_BLOCKS: 1)
[INFO] 13:55:29:141 GAME_CARD/(9997:10004): (READING FILE CONTENT: Squirtle | POSITIONS OBTAINED: 1 )
[INFO] 13:55:29:141 GAME_CARD/(9997:10004): (Archivo Pokemon Squirtle Cerrado)
[INFO] 13:55:29:142 GAME_CARD/(9997:10008): (RECEIVING: ID_MSG:31)
[INFO] 13:55:29:142 GAME_CARD/(9997:10007): (SUCCESS_CONN - PROCESS: BROKER | SOCKET#: 9| QUEUE: LOCALIZED_POKEMON | IP: 127.0.0.1 | PORT: 6009)
[INFO] 13:55:29:142 GAME_CARD/(9997:10007): (SENDING: LOCALIZED_POKEMON|Socket#:9|ID_CORRELATIVE=18|Squirtle|QTY_POS:1|{Xn|Yn}:[5|2]|SIZE:37 Bytes)
[INFO] 13:55:29:143 GAME_CARD/(9997:10007): (RECEIVING: ID_MSG:32)
[INFO] 13:55:29:143 GAME_CARD/(9997:10010): (SUCCESS_CONN - PROCESS: BROKER | SOCKET#: 9| QUEUE: LOCALIZED_POKEMON | IP: 127.0.0.1 | PORT: 6009)
[INFO] 13:55:29:143 GAME_CARD/(9997:10010): (SENDING: LOCALIZED_POKEMON|Socket#:9|ID_CORRELATIVE=21|Squirtle|QTY_POS:1|{Xn|Yn}:[5|2]|SIZE:37 Bytes)
[INFO] 13:55:29:144 GAME_CARD/(9997:10010): (RECEIVING: ID_MSG:33)
[INFO] 13:55:29:144 GAME_CARD/(9997:10013): (SUCCESS_CONN - PROCESS: BROKER | SOCKET#: 9| QUEUE: LOCALIZED_POKEMON | IP: 127.0.0.1 | PORT: 6009)
[INFO] 13:55:29:144 GAME_CARD/(9997:10013): (SENDING: LOCALIZED_POKEMON|Socket#:9|ID_CORRELATIVE=24|Squirtle|QTY_POS:1|{Xn|Yn}:[5|2]|SIZE:37 Bytes)
[INFO] 13:55:29:145 GAME_CARD/(9997:10013): (RECEIVING: ID_MSG:34)
[INFO] 13:55:29:146 GAME_CARD/(9997:10005): (SUCCESS_CONN - PROCESS: BROKER | SOCKET#: 9| QUEUE: LOCALIZED_POKEMON | IP: 127.0.0.1 | PORT: 6009)
[INFO] 13:55:29:146 GAME_CARD/(9997:10005): (SENDING: LOCALIZED_POKEMON|Socket#:9|ID_CORRELATIVE=16|Pikachu|QTY_POS:1|{Xn|Yn}:[9|9]|SIZE:36 Bytes)
[INFO] 13:55:29:147 GAME_CARD/(9997:10005): (RECEIVING: ID_MSG:35)
[INFO] 13:55:29:147 GAME_CARD/(9997:10016): (SUCCESS_CONN - PROCESS: BROKER | SOCKET#: 9| QUEUE: LOCALIZED_POKEMON | IP: 127.0.0.1 | PORT: 6009)
[INFO] 13:55:29:147 GAME_CARD/(9997:10016): (SENDING: LOCALIZED_POKEMON|Socket#:9|ID_CORRELATIVE=27|Jolteon|QTY_POS:1|{Xn|Yn}:[2|2]|SIZE:36 Bytes)
[INFO] 13:55:29:148 GAME_CARD/(9997:10016): (RECEIVING: ID_MSG:36)
[INFO] 13:55:29:149 GAME_CARD/(9997:10017): (SUCCESS_CONN - PROCESS: BROKER | SOCKET#: 9| QUEUE: LOCALIZED_POKEMON | IP: 127.0.0.1 | PORT: 6009)
[INFO] 13:55:29:149 GAME_CARD/(9997:10017): (SENDING: LOCALIZED_POKEMON|Socket#:9|ID_CORRELATIVE=28|Flareon|QTY_POS:1|{Xn|Yn}:[4|6]|SIZE:36 Bytes)
[INFO] 13:55:29:154 GAME_CARD/(9997:10004): (SUCCESS_CONN - PROCESS: BROKER | SOCKET#: 9| QUEUE: LOCALIZED_POKEMON | IP: 127.0.0.1 | PORT: 6009)
[INFO] 13:55:29:154 GAME_CARD/(9997:10004): (SENDING: LOCALIZED_POKEMON|Socket#:9|ID_CORRELATIVE=15|Squirtle|QTY_POS:1|{Xn|Yn}:[5|2]|SIZE:37 Bytes)
[ERROR] 13:55:29:155 GAME_CARD/(9997:10002): (Se perdió Conexión con BROKER|CATCH_POKEMON)
[DEBUG] 13:55:29:155 GAME_CARD/(9997:10002): (GAMECARD END_SUSCRIPTION: |RECVD_MSGs:0|TOTAL_MSGS:0)
[ERROR] 13:55:29:155 GAME_CARD/(9997:9998): (Se perdió Conexión con BROKER|NEW_POKEMON)
[DEBUG] 13:55:29:156 GAME_CARD/(9997:9998): (GAMECARD END_SUSCRIPTION: |RECVD_MSGs:0|TOTAL_MSGS:0)
[ERROR] 13:55:29:156 GAME_CARD/(9997:10000): (Se perdió Conexión con BROKER|GET_POKEMON)
[DEBUG] 13:55:29:156 GAME_CARD/(9997:10000): (GAMECARD END_SUSCRIPTION: |RECVD_MSGs:16|TOTAL_MSGS:16)
[DEBUG] 13:55:30:131 GAME_CARD/(9997:9997): Esperando conexiones en Direccion: 127.0.0.1, Puerto: 5001
[INFO] 13:55:35:131 GAME_CARD/(9997:10030): (Procesando 4 Mensajes pendientes)
[INFO] 13:55:35:132 GAME_CARD/(9997:10035): (Archivo Pokemon Pikachu Abierto)
[INFO] 13:55:35:132 GAME_CARD/(9997:10035): (READING METADATADA FILE: Pikachu | DIRECTORY: N | SIZE: 6 | OPEN: N | USED_BLOCKS: 1)
[INFO] 13:55:35:132 GAME_CARD/(9997:10035): (READING FILE CONTENT: Pikachu | POSITIONS OBTAINED: 1 )
[WARNING] 13:55:35:132 GAME_CARD/(9997:10034): (-->> Archivo Pokemon Pikachu Abierto por otro mensaje <<--)

[INFO] 13:55:35:132 GAME_CARD/(9997:10035): (Archivo Pokemon Pikachu Cerrado)
[ERROR] 13:55:35:133 GAME_CARD/(9997:10035): (CONN_FAILED:PROCESS: BROKER | QUEUE: LOCALIZED_POKEMON | IP: 127.0.0.1 | PORT: 6009)
[INFO] 13:55:35:133 GAME_CARD/(9997:10033): (Archivo Pokemon Pikachu Abierto)
[INFO] 13:55:35:133 GAME_CARD/(9997:10033): (READING METADATADA FILE: Pikachu | DIRECTORY: N | SIZE: 6 | OPEN: N | USED_BLOCKS: 1)
[INFO] 13:55:35:133 GAME_CARD/(9997:10033): (READING FILE CONTENT: Pikachu | POSITIONS OBTAINED: 1 )
[INFO] 13:55:35:133 GAME_CARD/(9997:10033): (Archivo Pokemon Pikachu Cerrado)
[ERROR] 13:55:35:134 GAME_CARD/(9997:10033): (CONN_FAILED:PROCESS: BROKER | QUEUE: LOCALIZED_POKEMON | IP: 127.0.0.1 | PORT: 6009)
[INFO] 13:55:35:134 GAME_CARD/(9997:10032): (Archivo Pokemon Pikachu Abierto)
[INFO] 13:55:35:134 GAME_CARD/(9997:10032): (READING METADATADA FILE: Pikachu | DIRECTORY: N | SIZE: 6 | OPEN: N | USED_BLOCKS: 1)
[INFO] 13:55:35:134 GAME_CARD/(9997:10032): (READING FILE CONTENT: Pikachu | POSITIONS OBTAINED: 1 )
[INFO] 13:55:35:134 GAME_CARD/(9997:10032): (Archivo Pokemon Pikachu Cerrado)
[ERROR] 13:55:35:135 GAME_CARD/(9997:10032): (CONN_FAILED:PROCESS: BROKER | QUEUE: LOCALIZED_POKEMON | IP: 127.0.0.1 | PORT: 6009)
[INFO] 13:55:40:131 GAME_CARD/(9997:10030): (Procesando 1 Mensajes pendientes)
[INFO] 13:55:40:132 GAME_CARD/(9997:10036): (Archivo Pokemon Pikachu Abierto)
[INFO] 13:55:40:132 GAME_CARD/(9997:10036): (READING METADATADA FILE: Pikachu | DIRECTORY: N | SIZE: 6 | OPEN: N | USED_BLOCKS: 1)
[INFO] 13:55:40:132 GAME_CARD/(9997:10036): (READING FILE CONTENT: Pikachu | POSITIONS OBTAINED: 1 )
[INFO] 13:55:40:133 GAME_CARD/(9997:10036): (Archivo Pokemon Pikachu Cerrado)
[ERROR] 13:55:40:134 GAME_CARD/(9997:10036): (CONN_FAILED:PROCESS: BROKER | QUEUE: LOCALIZED_POKEMON | IP: 127.0.0.1 | PORT: 6009)
[INFO] 13:57:45:501 GAME_CARD/(10075:10075): INICIO_LOG_SUCESS
[TRACE] 13:57:45:509 GAME_CARD/(10075:10075): Para finalizar Suscripción -->> Enviar Señales ''kill SIGUSR1/2 '' al proceso (PID):10075
[ERROR] 13:57:45:509 GAME_CARD/(10075:10078): (CONN_FAILED:PROCESS: BROKER | QUEUE: NEW_POKEMON | IP: 127.0.0.1 | PORT: 6009)
[ERROR] 13:57:45:510 GAME_CARD/(10075:10079): (CONN_FAILED:PROCESS: BROKER | QUEUE: GET_POKEMON | IP: 127.0.0.1 | PORT: 6009)
[ERROR] 13:57:45:511 GAME_CARD/(10075:10080): (CONN_FAILED:PROCESS: BROKER | QUEUE: CATCH_POKEMON | IP: 127.0.0.1 | PORT: 6009)
[DEBUG] 13:57:46:512 GAME_CARD/(10075:10075): Esperando conexiones en Direccion: 127.0.0.1, Puerto: 5001
[INFO] 13:58:16:512 GAME_CARD/(10075:10094): (SUCCESS_CONN - PROCESS: BROKER | SOCKET#: 11| QUEUE: NEW_POKEMON | IP: 127.0.0.1 | PORT: 6009)
[INFO] 13:58:16:512 GAME_CARD/(10075:10094): (SENDING ACK|NEW_POKEMON|ID_MSG:0->CONFIRMED|ID_SUSCRIPTOR:30)
[INFO] 13:58:16:513 GAME_CARD/(10075:10096): (SUCCESS_CONN - PROCESS: BROKER | SOCKET#: 12| QUEUE: GET_POKEMON | IP: 127.0.0.1 | PORT: 6009)
[INFO] 13:58:16:513 GAME_CARD/(10075:10096): (SENDING ACK|GET_POKEMON|ID_MSG:0->CONFIRMED|ID_SUSCRIPTOR:30)
[INFO] 13:58:16:513 GAME_CARD/(10075:10098): (SUCCESS_CONN - PROCESS: BROKER | SOCKET#: 13| QUEUE: CATCH_POKEMON | IP: 127.0.0.1 | PORT: 6009)
[INFO] 13:58:16:514 GAME_CARD/(10075:10098): (SENDING ACK|CATCH_POKEMON|ID_MSG:0->CONFIRMED|ID_SUSCRIPTOR:30)
[INFO] 13:59:04:694 GAME_CARD/(10075:10094): (RECEIVING: FROM NEW_POKEMON |  ID_MSG:1 | Pikachu | POS_X:9 | POS_Y:9 | QTY:1|SIZE:36 Bytes)
[INFO] 13:59:04:694 GAME_CARD/(10075:10094): (SENDING ACK|NEW_POKEMON|ID_MSG:1->CONFIRMED|ID_SUSCRIPTOR:30)
[INFO] 13:59:04:694 GAME_CARD/(10075:10110): (El archivo Pokemon Pikachu no existe en el File System - Creando Nuevo)
[INFO] 13:59:04:694 GAME_CARD/(10075:10110): CREATE_DIR Pokemon TALL_GRASS/Files/Pikachu
[INFO] 13:59:04:694 GAME_CARD/(10075:10110): SAVE METADATA  TALL_GRASS/Files/Pikachu/Metadata.bin
[INFO] 13:59:04:694 GAME_CARD/(10075:10110): (SUCCESS_CONN - PROCESS: BROKER | SOCKET#: 14| QUEUE: APPEARED_POKEMON | IP: 127.0.0.1 | PORT: 6009)
[INFO] 13:59:04:695 GAME_CARD/(10075:10110): (SENDING: APPEARED_POKEMON|Pikachu|ID_CORRELATIVE:1|Pos_X:9|Pos_Y:9|SIZE:32 Bytes)
[INFO] 13:59:04:696 GAME_CARD/(10075:10110): (RECEIVING: ID_MSG:2)
[INFO] 13:59:04:697 GAME_CARD/(10075:10094): (RECEIVING: FROM NEW_POKEMON |  ID_MSG:3 | Squirtle | POS_X:5 | POS_Y:2 | QTY:1|SIZE:37 Bytes)
[INFO] 13:59:04:697 GAME_CARD/(10075:10094): (SENDING ACK|NEW_POKEMON|ID_MSG:3->CONFIRMED|ID_SUSCRIPTOR:30)
[INFO] 13:59:04:697 GAME_CARD/(10075:10114): (El archivo Pokemon Squirtle no existe en el File System - Creando Nuevo)
[INFO] 13:59:04:697 GAME_CARD/(10075:10114): CREATE_DIR Pokemon TALL_GRASS/Files/Squirtle
[INFO] 13:59:04:698 GAME_CARD/(10075:10114): SAVE METADATA  TALL_GRASS/Files/Squirtle/Metadata.bin
[INFO] 13:59:04:698 GAME_CARD/(10075:10114): (SUCCESS_CONN - PROCESS: BROKER | SOCKET#: 14| QUEUE: APPEARED_POKEMON | IP: 127.0.0.1 | PORT: 6009)
[INFO] 13:59:04:698 GAME_CARD/(10075:10114): (SENDING: APPEARED_POKEMON|Squirtle|ID_CORRELATIVE:3|Pos_X:5|Pos_Y:2|SIZE:33 Bytes)
[INFO] 13:59:04:699 GAME_CARD/(10075:10114): (RECEIVING: ID_MSG:4)
[INFO] 13:59:04:700 GAME_CARD/(10075:10094): (RECEIVING: FROM NEW_POKEMON |  ID_MSG:5 | Jolteon | POS_X:2 | POS_Y:2 | QTY:1|SIZE:36 Bytes)
[INFO] 13:59:04:700 GAME_CARD/(10075:10094): (SENDING ACK|NEW_POKEMON|ID_MSG:5->CONFIRMED|ID_SUSCRIPTOR:30)
[INFO] 13:59:04:700 GAME_CARD/(10075:10118): (El archivo Pokemon Jolteon no existe en el File System - Creando Nuevo)
[INFO] 13:59:04:701 GAME_CARD/(10075:10118): CREATE_DIR Pokemon TALL_GRASS/Files/Jolteon
[INFO] 13:59:04:701 GAME_CARD/(10075:10118): SAVE METADATA  TALL_GRASS/Files/Jolteon/Metadata.bin
[INFO] 13:59:04:701 GAME_CARD/(10075:10118): (SUCCESS_CONN - PROCESS: BROKER | SOCKET#: 14| QUEUE: APPEARED_POKEMON | IP: 127.0.0.1 | PORT: 6009)
[INFO] 13:59:04:701 GAME_CARD/(10075:10118): (SENDING: APPEARED_POKEMON|Jolteon|ID_CORRELATIVE:5|Pos_X:2|Pos_Y:2|SIZE:32 Bytes)
[INFO] 13:59:04:703 GAME_CARD/(10075:10118): (RECEIVING: ID_MSG:6)
[INFO] 13:59:04:704 GAME_CARD/(10075:10094): (RECEIVING: FROM NEW_POKEMON |  ID_MSG:7 | Flareon | POS_X:4 | POS_Y:6 | QTY:1|SIZE:36 Bytes)
[INFO] 13:59:04:704 GAME_CARD/(10075:10094): (SENDING ACK|NEW_POKEMON|ID_MSG:7->CONFIRMED|ID_SUSCRIPTOR:30)
[INFO] 13:59:04:704 GAME_CARD/(10075:10121): (El archivo Pokemon Flareon no existe en el File System - Creando Nuevo)
[INFO] 13:59:04:705 GAME_CARD/(10075:10121): CREATE_DIR Pokemon TALL_GRASS/Files/Flareon
[INFO] 13:59:04:705 GAME_CARD/(10075:10121): SAVE METADATA  TALL_GRASS/Files/Flareon/Metadata.bin
[INFO] 13:59:04:705 GAME_CARD/(10075:10121): (SUCCESS_CONN - PROCESS: BROKER | SOCKET#: 14| QUEUE: APPEARED_POKEMON | IP: 127.0.0.1 | PORT: 6009)
[INFO] 13:59:04:705 GAME_CARD/(10075:10121): (SENDING: APPEARED_POKEMON|Flareon|ID_CORRELATIVE:7|Pos_X:4|Pos_Y:6|SIZE:32 Bytes)
[INFO] 13:59:04:705 GAME_CARD/(10075:10121): (RECEIVING: ID_MSG:8)
[INFO] 13:59:14:252 GAME_CARD/(10075:10096): (RECEIVING: FROM GET_POKEMON | ID_MSG:9 | Pikachu -- SIZE = 24 Bytes)
[INFO] 13:59:14:252 GAME_CARD/(10075:10096): (SENDING ACK|GET_POKEMON|ID_MSG:9->CONFIRMED|ID_SUSCRIPTOR:30)
[INFO] 13:59:14:253 GAME_CARD/(10075:10139): (Archivo Pokemon Pikachu Abierto)
[INFO] 13:59:14:253 GAME_CARD/(10075:10139): (READING METADATADA FILE: Pikachu | DIRECTORY: N | SIZE: 6 | OPEN: N | USED_BLOCKS: 1)
[INFO] 13:59:14:253 GAME_CARD/(10075:10139): (READING FILE CONTENT: Pikachu | POSITIONS OBTAINED: 1 )
[INFO] 13:59:14:253 GAME_CARD/(10075:10139): (Archivo Pokemon Pikachu Cerrado)
[INFO] 13:59:14:254 GAME_CARD/(10075:10139): (SUCCESS_CONN - PROCESS: BROKER | SOCKET#: 14| QUEUE: LOCALIZED_POKEMON | IP: 127.0.0.1 | PORT: 6009)
[INFO] 13:59:14:254 GAME_CARD/(10075:10139): (SENDING: LOCALIZED_POKEMON|Socket#:14|ID_CORRELATIVE=9|Pikachu|QTY_POS:1|{Xn|Yn}:[9|9]|SIZE:36 Bytes)
[INFO] 13:59:14:255 GAME_CARD/(10075:10096): (RECEIVING: FROM GET_POKEMON | ID_MSG:10 | Pikachu -- SIZE = 24 Bytes)
[INFO] 13:59:14:255 GAME_CARD/(10075:10096): (SENDING ACK|GET_POKEMON|ID_MSG:10->CONFIRMED|ID_SUSCRIPTOR:30)
[INFO] 13:59:14:255 GAME_CARD/(10075:10139): (RECEIVING: ID_MSG:11)
[INFO] 13:59:14:256 GAME_CARD/(10075:10143): (Archivo Pokemon Pikachu Abierto)
[INFO] 13:59:14:256 GAME_CARD/(10075:10143): (READING METADATADA FILE: Pikachu | DIRECTORY: N | SIZE: 6 | OPEN: N | USED_BLOCKS: 1)
[INFO] 13:59:14:257 GAME_CARD/(10075:10143): (READING FILE CONTENT: Pikachu | POSITIONS OBTAINED: 1 )
[INFO] 13:59:14:257 GAME_CARD/(10075:10143): (Archivo Pokemon Pikachu Cerrado)
[INFO] 13:59:14:259 GAME_CARD/(10075:10143): (SUCCESS_CONN - PROCESS: BROKER | SOCKET#: 14| QUEUE: LOCALIZED_POKEMON | IP: 127.0.0.1 | PORT: 6009)
[INFO] 13:59:14:259 GAME_CARD/(10075:10143): (SENDING: LOCALIZED_POKEMON|Socket#:14|ID_CORRELATIVE=10|Pikachu|QTY_POS:1|{Xn|Yn}:[9|9]|SIZE:36 Bytes)
[INFO] 13:59:14:260 GAME_CARD/(10075:10143): (RECEIVING: ID_MSG:12)
[INFO] 13:59:14:261 GAME_CARD/(10075:10096): (RECEIVING: FROM GET_POKEMON | ID_MSG:13 | Squirtle -- SIZE = 25 Bytes)
[INFO] 13:59:14:261 GAME_CARD/(10075:10096): (SENDING ACK|GET_POKEMON|ID_MSG:13->CONFIRMED|ID_SUSCRIPTOR:30)
[INFO] 13:59:14:261 GAME_CARD/(10075:10147): (Archivo Pokemon Squirtle Abierto)
[INFO] 13:59:14:262 GAME_CARD/(10075:10147): (READING METADATADA FILE: Squirtle | DIRECTORY: N | SIZE: 6 | OPEN: N | USED_BLOCKS: 1)
[INFO] 13:59:14:262 GAME_CARD/(10075:10147): (READING FILE CONTENT: Squirtle | POSITIONS OBTAINED: 1 )
[INFO] 13:59:14:262 GAME_CARD/(10075:10147): (Archivo Pokemon Squirtle Cerrado)
[INFO] 13:59:14:262 GAME_CARD/(10075:10147): (SUCCESS_CONN - PROCESS: BROKER | SOCKET#: 14| QUEUE: LOCALIZED_POKEMON | IP: 127.0.0.1 | PORT: 6009)
[INFO] 13:59:14:262 GAME_CARD/(10075:10147): (SENDING: LOCALIZED_POKEMON|Socket#:14|ID_CORRELATIVE=13|Squirtle|QTY_POS:1|{Xn|Yn}:[5|2]|SIZE:37 Bytes)
[INFO] 13:59:14:263 GAME_CARD/(10075:10096): (RECEIVING: FROM GET_POKEMON | ID_MSG:14 | Squirtle -- SIZE = 25 Bytes)
[INFO] 13:59:14:263 GAME_CARD/(10075:10096): (SENDING ACK|GET_POKEMON|ID_MSG:14->CONFIRMED|ID_SUSCRIPTOR:30)
[INFO] 13:59:14:264 GAME_CARD/(10075:10147): (RECEIVING: ID_MSG:15)
[INFO] 13:59:14:264 GAME_CARD/(10075:10151): (Archivo Pokemon Squirtle Abierto)
[INFO] 13:59:14:265 GAME_CARD/(10075:10151): (READING METADATADA FILE: Squirtle | DIRECTORY: N | SIZE: 6 | OPEN: N | USED_BLOCKS: 1)
[INFO] 13:59:14:265 GAME_CARD/(10075:10151): (READING FILE CONTENT: Squirtle | POSITIONS OBTAINED: 1 )
[INFO] 13:59:14:265 GAME_CARD/(10075:10151): (Archivo Pokemon Squirtle Cerrado)
[INFO] 13:59:14:265 GAME_CARD/(10075:10151): (SUCCESS_CONN - PROCESS: BROKER | SOCKET#: 14| QUEUE: LOCALIZED_POKEMON | IP: 127.0.0.1 | PORT: 6009)
[INFO] 13:59:14:265 GAME_CARD/(10075:10151): (SENDING: LOCALIZED_POKEMON|Socket#:14|ID_CORRELATIVE=14|Squirtle|QTY_POS:1|{Xn|Yn}:[5|2]|SIZE:37 Bytes)
[INFO] 13:59:14:266 GAME_CARD/(10075:10151): (RECEIVING: ID_MSG:16)
[INFO] 13:59:14:267 GAME_CARD/(10075:10096): (RECEIVING: FROM GET_POKEMON | ID_MSG:17 | Gengar -- SIZE = 23 Bytes)
[INFO] 13:59:14:267 GAME_CARD/(10075:10096): (SENDING ACK|GET_POKEMON|ID_MSG:17->CONFIRMED|ID_SUSCRIPTOR:30)
[WARNING] 13:59:14:268 GAME_CARD/(10075:10155): (-->> El archivo Pokemon Gengar no existe en el File System <<--)
[INFO] 13:59:14:269 GAME_CARD/(10075:10096): (RECEIVING: FROM GET_POKEMON | ID_MSG:18 | Onix -- SIZE = 21 Bytes)
[INFO] 13:59:14:269 GAME_CARD/(10075:10096): (SENDING ACK|GET_POKEMON|ID_MSG:18->CONFIRMED|ID_SUSCRIPTOR:30)
[WARNING] 13:59:14:269 GAME_CARD/(10075:10157): (-->> El archivo Pokemon Onix no existe en el File System <<--)
[INFO] 13:59:34:779 GAME_CARD/(10075:10096): (RECEIVING: FROM GET_POKEMON | ID_MSG:19 | Vaporeon -- SIZE = 25 Bytes)
[INFO] 13:59:34:779 GAME_CARD/(10075:10096): (SENDING ACK|GET_POKEMON|ID_MSG:19->CONFIRMED|ID_SUSCRIPTOR:30)
[WARNING] 13:59:34:780 GAME_CARD/(10075:10178): (-->> El archivo Pokemon Vaporeon no existe en el File System <<--)
[INFO] 13:59:34:781 GAME_CARD/(10075:10096): (RECEIVING: FROM GET_POKEMON | ID_MSG:20 | Jolteon -- SIZE = 24 Bytes)
[INFO] 13:59:34:781 GAME_CARD/(10075:10096): (SENDING ACK|GET_POKEMON|ID_MSG:20->CONFIRMED|ID_SUSCRIPTOR:30)
[INFO] 13:59:34:781 GAME_CARD/(10075:10181): (Archivo Pokemon Jolteon Abierto)
[INFO] 13:59:34:781 GAME_CARD/(10075:10181): (READING METADATADA FILE: Jolteon | DIRECTORY: N | SIZE: 6 | OPEN: N | USED_BLOCKS: 1)
[INFO] 13:59:34:781 GAME_CARD/(10075:10181): (READING FILE CONTENT: Jolteon | POSITIONS OBTAINED: 1 )
[INFO] 13:59:34:782 GAME_CARD/(10075:10181): (Archivo Pokemon Jolteon Cerrado)
[INFO] 13:59:34:782 GAME_CARD/(10075:10181): (SUCCESS_CONN - PROCESS: BROKER | SOCKET#: 14| QUEUE: LOCALIZED_POKEMON | IP: 127.0.0.1 | PORT: 6009)
[INFO] 13:59:34:782 GAME_CARD/(10075:10181): (SENDING: LOCALIZED_POKEMON|Socket#:14|ID_CORRELATIVE=20|Jolteon|QTY_POS:1|{Xn|Yn}:[2|2]|SIZE:36 Bytes)
[INFO] 13:59:34:783 GAME_CARD/(10075:10181): (RECEIVING: ID_MSG:21)
[INFO] 13:59:34:786 GAME_CARD/(10075:10096): (RECEIVING: FROM GET_POKEMON | ID_MSG:22 | Flareon -- SIZE = 24 Bytes)
[INFO] 13:59:34:786 GAME_CARD/(10075:10096): (SENDING ACK|GET_POKEMON|ID_MSG:22->CONFIRMED|ID_SUSCRIPTOR:30)
[INFO] 13:59:34:787 GAME_CARD/(10075:10185): (Archivo Pokemon Flareon Abierto)
[INFO] 13:59:34:787 GAME_CARD/(10075:10185): (READING METADATADA FILE: Flareon | DIRECTORY: N | SIZE: 6 | OPEN: N | USED_BLOCKS: 1)
[INFO] 13:59:34:787 GAME_CARD/(10075:10185): (READING FILE CONTENT: Flareon | POSITIONS OBTAINED: 1 )
[INFO] 13:59:34:787 GAME_CARD/(10075:10185): (Archivo Pokemon Flareon Cerrado)
[INFO] 13:59:34:788 GAME_CARD/(10075:10185): (SUCCESS_CONN - PROCESS: BROKER | SOCKET#: 14| QUEUE: LOCALIZED_POKEMON | IP: 127.0.0.1 | PORT: 6009)
[INFO] 13:59:34:788 GAME_CARD/(10075:10185): (SENDING: LOCALIZED_POKEMON|Socket#:14|ID_CORRELATIVE=22|Flareon|QTY_POS:1|{Xn|Yn}:[4|6]|SIZE:36 Bytes)
[INFO] 13:59:34:789 GAME_CARD/(10075:10096): (RECEIVING: FROM GET_POKEMON | ID_MSG:23 | Umbreon -- SIZE = 24 Bytes)
[INFO] 13:59:34:789 GAME_CARD/(10075:10096): (SENDING ACK|GET_POKEMON|ID_MSG:23->CONFIRMED|ID_SUSCRIPTOR:30)
[INFO] 13:59:34:789 GAME_CARD/(10075:10185): (RECEIVING: ID_MSG:24)
[WARNING] 13:59:34:790 GAME_CARD/(10075:10189): (-->> El archivo Pokemon Umbreon no existe en el File System <<--)
[INFO] 13:59:34:791 GAME_CARD/(10075:10096): (RECEIVING: FROM GET_POKEMON | ID_MSG:25 | Espeon -- SIZE = 23 Bytes)
[INFO] 13:59:34:791 GAME_CARD/(10075:10096): (SENDING ACK|GET_POKEMON|ID_MSG:25->CONFIRMED|ID_SUSCRIPTOR:30)
[WARNING] 13:59:34:791 GAME_CARD/(10075:10191): (-->> El archivo Pokemon Espeon no existe en el File System <<--)
